Starting optimization with Ansatz=Ansatz.Hardware_Efficient_Ansatz
Iter:10, Cost:26.091064453125004
Iter:20, Cost:25.839843750000004
Iter:30, Cost:24.200927734375004
Iter:40, Cost:25.325439453125004
Iter:50, Cost:25.241699218750004
Iter:60, Cost:24.691406250000004
Iter:70, Cost:25.373291015625004
Iter:80, Cost:23.949707031250004
Iter:90, Cost:24.165039062500004
Iter:100, Cost:24.260742187500004
Iter:110, Cost:24.188964843750004
Iter:120, Cost:23.566894531250004
Iter:130, Cost:22.466308593750004
Iter:140, Cost:22.705566406250004
Iter:150, Cost:23.686523437500004
Iter:160, Cost:21.916015625000004
Iter:170, Cost:22.550048828125004
Iter:180, Cost:23.650634765625004
Iter:190, Cost:22.693603515625004
Iter:200, Cost:22.514160156250004
Iter:210, Cost:21.856201171875004
Iter:220, Cost:22.478271484375004
Iter:230, Cost:21.700683593750004
Iter:240, Cost:22.562011718750004
Iter:250, Cost:22.873046875000004
Iter:260, Cost:22.693603515625004
Iter:270, Cost:22.968750000000004
Iter:280, Cost:21.999755859375004
Iter:290, Cost:23.196044921875004
Iter:300, Cost:21.006835937500004
Iter:310, Cost:21.987792968750004
Iter:320, Cost:22.442382812500004
Iter:330, Cost:21.557128906250004
Iter:340, Cost:21.365722656250004
Iter:350, Cost:21.62890625
Iter:360, Cost:20.671875
Iter:370, Cost:21.078613281250004
Iter:380, Cost:22.262939453125004
Iter:390, Cost:21.377685546875004
Iter:400, Cost:20.277099609375
Iter:410, Cost:21.652832031250004
Iter:420, Cost:21.389648437500004
Iter:430, Cost:21.258056640625004
Iter:440, Cost:20.815429687500004
Iter:450, Cost:21.581054687500004
Iter:460, Cost:21.365722656250004
Iter:470, Cost:21.210205078125004
Iter:480, Cost:20.085693359375
Iter:490, Cost:20.301025390625004
Iter:500, Cost:22.334716796875004
Iter:510, Cost:20.659912109375
Iter:520, Cost:19.846435546875
Iter:530, Cost:21.796386718750004
Iter:540, Cost:21.569091796875
Iter:550, Cost:21.054687500000004
Iter:560, Cost:20.887207031250004
Iter:570, Cost:21.317871093750004
Iter:580, Cost:20.779541015625
Iter:590, Cost:20.88720703125
Iter:600, Cost:20.994873046875
Iter:610, Cost:20.875244140625004
Iter:620, Cost:20.683837890625
Iter:630, Cost:19.59521484375
Iter:640, Cost:22.059570312500004
Iter:650, Cost:20.731689453125
Iter:660, Cost:19.894287109375
Iter:670, Cost:20.12158203125
Iter:680, Cost:21.066650390625004
Iter:690, Cost:21.210205078125004
Iter:700, Cost:20.851318359375004
Iter:710, Cost:20.659912109375004
Iter:720, Cost:21.341796875000004
Iter:730, Cost:20.624023437500004
Iter:740, Cost:22.155273437500004
Iter:750, Cost:20.013916015625
Iter:760, Cost:21.545166015625004
Iter:770, Cost:21.413574218750004
Iter:780, Cost:20.839355468750004
Iter:790, Cost:19.918212890625004
Iter:800, Cost:21.377685546875004
Iter:810, Cost:21.317871093750004
Iter:820, Cost:20.851318359375004
Iter:830, Cost:23.088378906250004
Iter:840, Cost:20.588134765625004
Iter:850, Cost:20.815429687500004
Iter:860, Cost:22.131347656250004
Iter:870, Cost:19.942138671875004
Iter:880, Cost:20.624023437500004
Iter:890, Cost:20.719726562500004
Iter:900, Cost:22.143310546875004
Iter:910, Cost:20.719726562500004
Iter:920, Cost:21.210205078125004
Iter:930, Cost:22.310791015625004
Iter:940, Cost:21.078613281250004
Iter:950, Cost:20.994873046875004
Iter:960, Cost:21.425537109375004
Iter:970, Cost:21.234130859375004
Iter:980, Cost:20.384765625000004
Iter:990, Cost:21.784423828125004
Iter:1000, Cost:22.095458984375004
Iter:1010, Cost:20.863281250000004
Iter:1020, Cost:21.844238281250004
Iter:1030, Cost:20.396728515625
Iter:1040, Cost:22.179199218750004
Iter:1050, Cost:19.535400390625004
Iter:1060, Cost:22.286865234375004
Iter:1070, Cost:21.246093750000004
Iter:1080, Cost:21.533203125000004
Iter:1090, Cost:20.719726562500004
Iter:1100, Cost:21.41357421875
Iter:1110, Cost:22.956787109375004
Iter:1120, Cost:21.712646484375004
Iter:1130, Cost:21.927978515625004
Iter:1140, Cost:21.485351562500004
Iter:1150, Cost:22.035644531250004
Iter:1160, Cost:21.688720703125004
Iter:1170, Cost:23.267822265625004
Iter:1180, Cost:21.700683593750004
Iter:1190, Cost:22.334716796875004
Iter:1200, Cost:20.289062500000004
Iter:1210, Cost:21.736572265625004
Iter:1220, Cost:21.114501953125004
Iter:1230, Cost:22.310791015625004
Iter:1240, Cost:21.222167968750004
Iter:1250, Cost:21.222167968750004
Iter:1260, Cost:20.265136718750004
Iter:1270, Cost:20.659912109375004
Iter:1280, Cost:20.93505859375
Iter:1290, Cost:21.162353515625004
Iter:1300, Cost:21.413574218750004
Iter:1310, Cost:20.576171875000004
Iter:1320, Cost:22.131347656250004
Iter:1330, Cost:21.126464843750004
Iter:1340, Cost:20.69580078125
Iter:1350, Cost:20.348876953125
Iter:1360, Cost:20.277099609375004
Iter:1370, Cost:20.659912109375004
Iter:1380, Cost:21.389648437500004
Iter:1390, Cost:20.588134765625004
Iter:1400, Cost:20.707763671875004
Iter:1410, Cost:19.655029296875
Iter:1420, Cost:21.281982421875004
Iter:1430, Cost:21.557128906250004
Iter:1440, Cost:20.516357421875
Iter:1450, Cost:20.6240234375
Iter:1460, Cost:21.892089843750004
Iter:1470, Cost:21.437500000000004
Iter:1480, Cost:21.377685546875004
Iter:1490, Cost:21.425537109375004
Iter:1500, Cost:20.612060546875
Starting optimization with Ansatz=Ansatz.CNOT_Ansatz
Iter:10, Cost:15.109130859375
Iter:20, Cost:10.16845703125
Iter:30, Cost:8.58935546875
Iter:40, Cost:9.917236328125
Iter:50, Cost:9.319091796875
Iter:60, Cost:8.78076171875
Iter:70, Cost:10.31201171875
Iter:80, Cost:8.697021484375
Iter:90, Cost:10.35986328125
Iter:100, Cost:8.529541015625
Iter:110, Cost:7.716064453125
Iter:120, Cost:9.630126953125
Iter:130, Cost:9.37890625
Iter:140, Cost:8.266357421875
Iter:150, Cost:8.433837890625
Iter:160, Cost:7.476806640625
Iter:170, Cost:9.88134765625
Iter:180, Cost:8.11083984375
Iter:190, Cost:8.35009765625
Iter:200, Cost:8.266357421875
Iter:210, Cost:8.170654296875
Iter:220, Cost:8.362060546875
Iter:230, Cost:9.06787109375
Iter:240, Cost:6.8427734375
Iter:250, Cost:6.603515625
Iter:260, Cost:6.567626953125
Iter:270, Cost:6.4599609375
Iter:280, Cost:7.165771484375
Iter:290, Cost:8.11083984375
Iter:300, Cost:6.43603515625
Iter:310, Cost:6.543701171875
Iter:320, Cost:7.4169921875
Iter:330, Cost:7.309326171875
Iter:340, Cost:6.4599609375
Iter:350, Cost:6.328369140625
Iter:360, Cost:6.711181640625
Iter:370, Cost:6.280517578125
Iter:380, Cost:6.328369140625
Iter:390, Cost:5.514892578125
Iter:400, Cost:6.00537109375
Iter:410, Cost:7.05810546875
Iter:420, Cost:6.854736328125
Iter:430, Cost:5.71826171875
Iter:440, Cost:6.3642578125
Iter:450, Cost:6.5078125
Iter:460, Cost:6.639404296875
Iter:470, Cost:7.2255859375
Iter:480, Cost:5.67041015625
Iter:490, Cost:5.33544921875
Iter:500, Cost:6.543701171875
Iter:510, Cost:6.017333984375
Iter:520, Cost:6.376220703125
Iter:530, Cost:5.490966796875
Iter:540, Cost:6.184814453125
Iter:550, Cost:5.156005859375
Iter:560, Cost:5.2158203125
Iter:570, Cost:5.658447265625
Iter:580, Cost:6.184814453125
Iter:590, Cost:5.52685546875
Iter:600, Cost:5.730224609375
Iter:610, Cost:5.658447265625
Iter:620, Cost:6.9384765625
Iter:630, Cost:5.9814453125
Iter:640, Cost:5.802001953125
Iter:650, Cost:4.9287109375
Iter:660, Cost:4.533935546875
Iter:670, Cost:5.23974609375
Iter:680, Cost:5.275634765625
Iter:690, Cost:5.419189453125
Iter:700, Cost:6.0771484375
Iter:710, Cost:6.72314453125
Iter:720, Cost:5.5029296875
Iter:730, Cost:5.09619140625
Iter:740, Cost:5.395263671875
Iter:750, Cost:4.76123046875
Iter:760, Cost:5.610595703125
Iter:770, Cost:5.1201171875
Iter:780, Cost:4.61767578125
Iter:790, Cost:4.749267578125
Iter:800, Cost:4.821044921875
Iter:810, Cost:5.538818359375
Iter:820, Cost:5.47900390625
Iter:830, Cost:5.825927734375
Iter:840, Cost:5.5029296875
Iter:850, Cost:5.084228515625
Iter:860, Cost:4.868896484375
Iter:870, Cost:4.749267578125
Iter:880, Cost:5.52685546875
Iter:890, Cost:5.347412109375
Iter:900, Cost:5.036376953125
Iter:910, Cost:5.227783203125
Iter:920, Cost:3.732421875
Iter:930, Cost:4.5458984375
Iter:940, Cost:4.61767578125
Iter:950, Cost:4.80908203125
Iter:960, Cost:3.720458984375
Iter:970, Cost:4.85693359375
Iter:980, Cost:4.3544921875
Iter:990, Cost:4.498046875
Iter:1000, Cost:4.031494140625
Iter:1010, Cost:4.2109375
Iter:1020, Cost:4.964599609375
Iter:1030, Cost:4.71337890625
Iter:1040, Cost:6.567626953125
Iter:1050, Cost:5.19189453125
Iter:1060, Cost:4.2109375
Iter:1070, Cost:3.696533203125
Iter:1080, Cost:3.6845703125
Iter:1090, Cost:5.0244140625
Iter:1100, Cost:4.56982421875
Iter:1110, Cost:4.33056640625
Iter:1120, Cost:4.42626953125
Iter:1130, Cost:4.701416015625
Iter:1140, Cost:4.557861328125
Iter:1150, Cost:4.6416015625
Iter:1160, Cost:5.060302734375
Iter:1170, Cost:4.498046875
Iter:1180, Cost:5.0244140625
Iter:1190, Cost:4.605712890625
Iter:1200, Cost:4.40234375
Iter:1210, Cost:5.263671875
Iter:1220, Cost:5.28759765625
Iter:1230, Cost:4.498046875
Iter:1240, Cost:4.61767578125
Iter:1250, Cost:4.055419921875
Iter:1260, Cost:5.179931640625
Iter:1270, Cost:5.275634765625
Iter:1280, Cost:4.821044921875
Iter:1290, Cost:4.175048828125
Iter:1300, Cost:4.8330078125
Iter:1310, Cost:3.911865234375
Iter:1320, Cost:4.773193359375
Iter:1330, Cost:5.610595703125
Iter:1340, Cost:4.510009765625
Iter:1350, Cost:5.7421875
Iter:1360, Cost:4.6416015625
Iter:1370, Cost:4.773193359375
Iter:1380, Cost:4.318603515625
Iter:1390, Cost:4.7373046875
Iter:1400, Cost:4.557861328125
Iter:1410, Cost:5.179931640625
Iter:1420, Cost:3.9716796875
Iter:1430, Cost:5.38330078125
Iter:1440, Cost:5.084228515625
Iter:1450, Cost:4.9765625
Iter:1460, Cost:5.1201171875
Iter:1470, Cost:3.864013671875
Iter:1480, Cost:4.964599609375
Iter:1490, Cost:4.7373046875
Iter:1500, Cost:4.629638671875
Starting optimization with Ansatz=Ansatz.Adiabatic_Ansatz
Iter:10, Cost:14.391357421875
Iter:20, Cost:11.02978515625
Iter:30, Cost:7.63232421875
Iter:40, Cost:5.263671875
Iter:50, Cost:3.828125
Iter:60, Cost:4.40234375
Iter:70, Cost:4.677490234375
Iter:80, Cost:4.916748046875
Iter:90, Cost:5.16796875
Iter:100, Cost:4.689453125
Iter:110, Cost:4.414306640625
Iter:120, Cost:5.5986328125
Iter:130, Cost:4.510009765625
Iter:140, Cost:3.7802734375
Iter:150, Cost:3.959716796875
Iter:160, Cost:5.263671875
Iter:170, Cost:3.6845703125
Iter:180, Cost:5.04833984375
Iter:190, Cost:5.395263671875
Iter:200, Cost:4.222900390625
Iter:210, Cost:4.306640625
Iter:220, Cost:3.720458984375
Iter:230, Cost:4.581787109375
Iter:240, Cost:4.1630859375
Iter:250, Cost:5.359375
Iter:260, Cost:4.079345703125
Iter:270, Cost:4.749267578125
Iter:280, Cost:4.198974609375
Iter:290, Cost:5.036376953125
Iter:300, Cost:4.1630859375
Iter:310, Cost:5.9814453125
Iter:320, Cost:5.347412109375
Iter:330, Cost:4.37841796875
Iter:340, Cost:5.227783203125
Iter:350, Cost:4.414306640625
Iter:360, Cost:4.95263671875
Iter:370, Cost:4.80908203125
Iter:380, Cost:3.911865234375
Iter:390, Cost:5.323486328125
Iter:400, Cost:4.175048828125
Iter:410, Cost:4.557861328125
Iter:420, Cost:5.132080078125
Iter:430, Cost:3.6845703125
Iter:440, Cost:3.768310546875
Iter:450, Cost:4.294677734375
Iter:460, Cost:4.689453125
Iter:470, Cost:4.342529296875
Iter:480, Cost:4.4501953125
Iter:490, Cost:4.5458984375
Iter:500, Cost:5.14404296875
Iter:510, Cost:4.4501953125
Iter:520, Cost:4.557861328125
Iter:530, Cost:4.557861328125
Iter:540, Cost:4.294677734375
Iter:550, Cost:5.2158203125
Iter:560, Cost:4.773193359375
Iter:570, Cost:4.701416015625
Iter:580, Cost:5.084228515625
Iter:590, Cost:6.029296875
Iter:600, Cost:4.37841796875
Iter:610, Cost:4.5458984375
Iter:620, Cost:5.52685546875
Iter:630, Cost:4.390380859375
Iter:640, Cost:5.04833984375
Iter:650, Cost:4.581787109375
Iter:660, Cost:4.1630859375
Iter:670, Cost:4.7373046875
Iter:680, Cost:3.552978515625
Iter:690, Cost:3.9716796875
Iter:700, Cost:4.1630859375
Iter:710, Cost:4.079345703125
Iter:720, Cost:3.792236328125
Iter:730, Cost:3.85205078125
Iter:740, Cost:5.52685546875
Iter:750, Cost:4.40234375
Iter:760, Cost:4.390380859375
Iter:770, Cost:4.9765625
Iter:780, Cost:4.6416015625
Iter:790, Cost:3.8759765625
Iter:800, Cost:4.701416015625
Iter:810, Cost:4.3544921875
Iter:820, Cost:5.156005859375
Iter:830, Cost:4.103271484375
Iter:840, Cost:4.47412109375
Iter:850, Cost:4.3544921875
Iter:860, Cost:4.4501953125
Iter:870, Cost:4.294677734375
Iter:880, Cost:5.538818359375
Iter:890, Cost:4.2109375
Iter:900, Cost:4.4501953125
Iter:910, Cost:4.294677734375
Iter:920, Cost:3.768310546875
Iter:930, Cost:5.395263671875
Iter:940, Cost:5.04833984375
Iter:950, Cost:4.390380859375
Iter:960, Cost:4.892822265625
Iter:970, Cost:4.533935546875
Iter:980, Cost:4.880859375
Iter:990, Cost:4.47412109375
Iter:1000, Cost:5.203857421875
Iter:1010, Cost:5.682373046875
Iter:1020, Cost:5.036376953125
Iter:1030, Cost:4.318603515625
Iter:1040, Cost:3.792236328125
Iter:1050, Cost:5.227783203125
Iter:1060, Cost:4.78515625
Iter:1070, Cost:4.6416015625
Iter:1080, Cost:5.81396484375
Iter:1090, Cost:4.270751953125
Iter:1100, Cost:3.576904296875
Iter:1110, Cost:5.251708984375
Iter:1120, Cost:5.299560546875
Iter:1130, Cost:4.78515625
Iter:1140, Cost:3.732421875
Iter:1150, Cost:5.76611328125
Iter:1160, Cost:4.0673828125
Iter:1170, Cost:5.347412109375
Iter:1180, Cost:3.923828125
Iter:1190, Cost:5.490966796875
Iter:1200, Cost:4.198974609375
Iter:1210, Cost:5.263671875
Iter:1220, Cost:4.80908203125
Iter:1230, Cost:4.916748046875
Iter:1240, Cost:4.2587890625
Iter:1250, Cost:4.653564453125
Iter:1260, Cost:5.203857421875
Iter:1270, Cost:4.438232421875
Iter:1280, Cost:4.76123046875
Iter:1290, Cost:4.510009765625
Iter:1300, Cost:4.04345703125
Iter:1310, Cost:4.0673828125
Iter:1320, Cost:5.04833984375
Iter:1330, Cost:4.868896484375
Iter:1340, Cost:4.6416015625
Iter:1350, Cost:4.42626953125
Iter:1360, Cost:4.031494140625
Iter:1370, Cost:4.677490234375
Iter:1380, Cost:4.677490234375
Iter:1390, Cost:4.222900390625
Iter:1400, Cost:4.151123046875
Iter:1410, Cost:4.844970703125
Iter:1420, Cost:4.198974609375
Iter:1430, Cost:4.749267578125
Iter:1440, Cost:4.127197265625
Iter:1450, Cost:4.47412109375
Iter:1460, Cost:4.306640625
Iter:1470, Cost:4.797119140625
Iter:1480, Cost:5.347412109375
Iter:1490, Cost:5.036376953125
Iter:1500, Cost:4.61767578125
Starting optimization with Ansatz=Ansatz.NewCirc1
Iter:10, Cost:22.849121093750004
Iter:20, Cost:19.870361328125004
Iter:30, Cost:18.87744140625
Iter:40, Cost:14.726318359375
Iter:50, Cost:12.9677734375
Iter:60, Cost:11.46044921875
Iter:70, Cost:11.639892578125
Iter:80, Cost:9.701904296875
Iter:90, Cost:10.16845703125
Iter:100, Cost:9.37890625
Iter:110, Cost:8.01513671875
Iter:120, Cost:9.283203125
Iter:130, Cost:7.405029296875
Iter:140, Cost:8.8525390625
Iter:150, Cost:8.1826171875
Iter:160, Cost:6.91455078125
Iter:170, Cost:7.943359375
Iter:180, Cost:7.285400390625
Iter:190, Cost:7.68017578125
Iter:200, Cost:6.998291015625
Iter:210, Cost:8.481689453125
Iter:220, Cost:7.907470703125
Iter:230, Cost:7.2734375
Iter:240, Cost:7.835693359375
Iter:250, Cost:8.11083984375
Iter:260, Cost:7.10595703125
Iter:270, Cost:7.405029296875
Iter:280, Cost:6.280517578125
Iter:290, Cost:6.43603515625
Iter:300, Cost:7.907470703125
Iter:310, Cost:6.890625
Iter:320, Cost:7.620361328125
Iter:330, Cost:7.357177734375
Iter:340, Cost:6.328369140625
Iter:350, Cost:6.48388671875
Iter:360, Cost:6.77099609375
Iter:370, Cost:7.4169921875
Iter:380, Cost:6.424072265625
Iter:390, Cost:6.34033203125
Iter:400, Cost:7.093994140625
Iter:410, Cost:6.615478515625
Iter:420, Cost:6.05322265625
Iter:430, Cost:6.3642578125
Iter:440, Cost:5.945556640625
Iter:450, Cost:5.969482421875
Iter:460, Cost:6.759033203125
Iter:470, Cost:6.38818359375
Iter:480, Cost:6.7470703125
Iter:490, Cost:6.113037109375
Iter:500, Cost:6.69921875
Iter:510, Cost:5.323486328125
Iter:520, Cost:6.86669921875
Iter:530, Cost:5.921630859375
Iter:540, Cost:5.969482421875
Iter:550, Cost:6.34033203125
Iter:560, Cost:6.14892578125
Iter:570, Cost:6.9384765625
Iter:580, Cost:6.447998046875
Iter:590, Cost:6.412109375
Iter:600, Cost:6.926513671875
Iter:610, Cost:5.658447265625
Iter:620, Cost:7.165771484375
Iter:630, Cost:5.490966796875
Iter:640, Cost:6.184814453125
Iter:650, Cost:6.113037109375
Iter:660, Cost:6.854736328125
Iter:670, Cost:6.830810546875
Iter:680, Cost:6.711181640625
Iter:690, Cost:6.29248046875
Iter:700, Cost:6.029296875
Iter:710, Cost:5.8857421875
Iter:720, Cost:6.232666015625
Iter:730, Cost:6.67529296875
Iter:740, Cost:6.3642578125
Iter:750, Cost:5.993408203125
Iter:760, Cost:6.96240234375
Iter:770, Cost:7.01025390625
Iter:780, Cost:5.23974609375
Iter:790, Cost:6.184814453125
Iter:800, Cost:5.897705078125
Iter:810, Cost:5.359375
Iter:820, Cost:6.352294921875
Iter:830, Cost:6.304443359375
Iter:840, Cost:6.412109375
Iter:850, Cost:6.4599609375
Iter:860, Cost:6.794921875
Iter:870, Cost:5.8857421875
Iter:880, Cost:6.6513671875
Iter:890, Cost:6.53173828125
Iter:900, Cost:6.447998046875
Iter:910, Cost:6.495849609375
Iter:920, Cost:5.730224609375
Iter:930, Cost:6.543701171875
Iter:940, Cost:6.424072265625
Iter:950, Cost:6.14892578125
Iter:960, Cost:6.67529296875
Iter:970, Cost:6.424072265625
Iter:980, Cost:5.7421875
Iter:990, Cost:6.67529296875
Iter:1000, Cost:6.615478515625
Iter:1010, Cost:6.208740234375
Iter:1020, Cost:6.412109375
Iter:1030, Cost:6.3642578125
Iter:1040, Cost:6.77099609375
Iter:1050, Cost:6.400146484375
Iter:1060, Cost:6.304443359375
Iter:1070, Cost:5.538818359375
Iter:1080, Cost:6.0771484375
Iter:1090, Cost:5.9814453125
Iter:1100, Cost:5.538818359375
Iter:1110, Cost:6.38818359375
Iter:1120, Cost:5.57470703125
Iter:1130, Cost:7.381103515625
Iter:1140, Cost:6.34033203125
Iter:1150, Cost:6.663330078125
Iter:1160, Cost:5.16796875
Iter:1170, Cost:5.76611328125
Iter:1180, Cost:6.34033203125
Iter:1190, Cost:6.29248046875
Iter:1200, Cost:5.81396484375
Iter:1210, Cost:5.849853515625
Iter:1220, Cost:6.974365234375
Iter:1230, Cost:5.562744140625
Iter:1240, Cost:5.90966796875
Iter:1250, Cost:5.825927734375
Iter:1260, Cost:6.089111328125
Iter:1270, Cost:5.455078125
Iter:1280, Cost:6.57958984375
Iter:1290, Cost:6.220703125
Iter:1300, Cost:5.873779296875
Iter:1310, Cost:6.543701171875
Iter:1320, Cost:5.108154296875
Iter:1330, Cost:6.280517578125
Iter:1340, Cost:6.412109375
Iter:1350, Cost:5.55078125
Iter:1360, Cost:5.706298828125
Iter:1370, Cost:6.0771484375
Iter:1380, Cost:6.687255859375
Iter:1390, Cost:6.567626953125
Iter:1400, Cost:6.62744140625
Iter:1410, Cost:5.7421875
Iter:1420, Cost:6.806884765625
Iter:1430, Cost:5.7421875
Iter:1440, Cost:6.603515625
Iter:1450, Cost:5.275634765625
Iter:1460, Cost:6.113037109375
Iter:1470, Cost:7.213623046875
Iter:1480, Cost:6.495849609375
Iter:1490, Cost:6.86669921875
Iter:1500, Cost:6.05322265625
Starting optimization with Ansatz=Ansatz.NewCirc2
Iter:10, Cost:24.272705078125004
Iter:20, Cost:26.414062500000004
Iter:30, Cost:25.385253906250004
Iter:40, Cost:23.794189453125004
Iter:50, Cost:21.545166015625004
Iter:60, Cost:20.193359375000004
Iter:70, Cost:13.745361328125
Iter:80, Cost:11.879150390625
Iter:90, Cost:7.177734375
Iter:100, Cost:7.333251953125
Iter:110, Cost:5.6943359375
Iter:120, Cost:5.33544921875
Iter:130, Cost:5.179931640625
Iter:140, Cost:5.706298828125007
Iter:150, Cost:4.85693359375
Iter:160, Cost:5.227783203125
Iter:170, Cost:5.012451171875
Iter:180, Cost:4.90478515625
Iter:190, Cost:6.352294921875
Iter:200, Cost:5.2158203125
Iter:210, Cost:5.55078125
Iter:220, Cost:5.52685546875
Iter:230, Cost:5.2158203125
Iter:240, Cost:4.90478515625
Iter:250, Cost:5.873779296875
Iter:260, Cost:5.490966796875
Iter:270, Cost:5.2158203125
Iter:280, Cost:5.897705078125
Iter:290, Cost:5.57470703125
Iter:300, Cost:6.24462890625
Iter:310, Cost:5.538818359375
Iter:320, Cost:4.557861328125
Iter:330, Cost:5.04833984375
Iter:340, Cost:5.5986328125
Iter:350, Cost:5.6943359375
Iter:360, Cost:5.5986328125
Iter:370, Cost:4.294677734375
Iter:380, Cost:4.42626953125
Iter:390, Cost:5.682373046875
Iter:400, Cost:5.084228515625
Iter:410, Cost:5.263671875
Iter:420, Cost:5.179931640625
Iter:430, Cost:5.7421875
Iter:440, Cost:5.09619140625
Iter:450, Cost:5.490966796875
Iter:460, Cost:5.108154296875
Iter:470, Cost:5.5029296875
Iter:480, Cost:4.342529296875
Iter:490, Cost:5.060302734375
Iter:500, Cost:5.275634765625
Iter:510, Cost:5.084228515625
Iter:520, Cost:6.065185546875
Iter:530, Cost:5.371337890625
Iter:540, Cost:5.52685546875
Iter:550, Cost:5.490966796875
Iter:560, Cost:4.677490234375
Iter:570, Cost:5.323486328125
Iter:580, Cost:4.8330078125
Iter:590, Cost:5.359375
Iter:600, Cost:5.67041015625
Iter:610, Cost:5.57470703125
Iter:620, Cost:4.605712890625
Iter:630, Cost:5.3115234375
Iter:640, Cost:5.00048828125
Iter:650, Cost:5.132080078125
Iter:660, Cost:5.86181640625
Iter:670, Cost:5.323486328125
Iter:680, Cost:5.108154296875
Iter:690, Cost:4.342529296875
Iter:700, Cost:6.14892578125
Iter:710, Cost:4.892822265625
Iter:720, Cost:5.802001953125
Iter:730, Cost:5.203857421875
Iter:740, Cost:5.6943359375
Iter:750, Cost:6.089111328125
Iter:760, Cost:6.089111328125
Iter:770, Cost:5.921630859375
Iter:780, Cost:5.395263671875
Iter:790, Cost:5.036376953125
Iter:800, Cost:5.730224609375
Iter:810, Cost:5.467041015625
Iter:820, Cost:4.940673828125
Iter:830, Cost:4.868896484375
Iter:840, Cost:6.998291015625
Iter:850, Cost:5.38330078125
Iter:860, Cost:6.2685546875
Iter:870, Cost:3.828125
Iter:880, Cost:5.57470703125
Iter:890, Cost:5.646484375
Iter:900, Cost:5.347412109375
Iter:910, Cost:6.19677734375
Iter:920, Cost:4.725341796875
Iter:930, Cost:5.4072265625
Iter:940, Cost:5.33544921875
Iter:950, Cost:5.04833984375
Iter:960, Cost:5.455078125
Iter:970, Cost:5.203857421875
Iter:980, Cost:5.275634765625
Iter:990, Cost:5.108154296875
Iter:1000, Cost:4.677490234375
Iter:1010, Cost:5.76611328125
Iter:1020, Cost:4.52197265625
Iter:1030, Cost:4.988525390625
Iter:1040, Cost:5.682373046875
Iter:1050, Cost:5.084228515625
Iter:1060, Cost:5.873779296875
Iter:1070, Cost:5.0244140625
Iter:1080, Cost:5.778076171875
Iter:1090, Cost:5.646484375
Iter:1100, Cost:5.443115234375
Iter:1110, Cost:5.6943359375
Iter:1120, Cost:5.299560546875
Iter:1130, Cost:5.81396484375
Iter:1140, Cost:5.730224609375
Iter:1150, Cost:5.706298828125
Iter:1160, Cost:5.33544921875
Iter:1170, Cost:5.514892578125
Iter:1180, Cost:5.754150390625
Iter:1190, Cost:5.71826171875
Iter:1200, Cost:4.689453125
Iter:1210, Cost:6.017333984375
Iter:1220, Cost:3.9716796875
Iter:1230, Cost:5.62255859375
Iter:1240, Cost:5.084228515625
Iter:1250, Cost:5.227783203125
Iter:1260, Cost:5.203857421875
Iter:1270, Cost:5.993408203125
Iter:1280, Cost:5.203857421875
Iter:1290, Cost:5.945556640625
Iter:1300, Cost:4.498046875
Iter:1310, Cost:4.95263671875
Iter:1320, Cost:5.00048828125
Iter:1330, Cost:5.945556640625
Iter:1340, Cost:5.490966796875
Iter:1350, Cost:5.778076171875
Iter:1360, Cost:5.419189453125
Iter:1370, Cost:6.10107421875
Iter:1380, Cost:4.988525390625
Iter:1390, Cost:4.701416015625
Iter:1400, Cost:5.634521484375
Iter:1410, Cost:6.43603515625
Iter:1420, Cost:5.347412109375
Iter:1430, Cost:5.921630859375
Iter:1440, Cost:5.132080078125
Iter:1450, Cost:5.610595703125
Iter:1460, Cost:5.0244140625
Iter:1470, Cost:5.299560546875
Iter:1480, Cost:6.029296875
Iter:1490, Cost:5.1201171875
Iter:1500, Cost:4.880859375
Starting optimization with Ansatz=Ansatz.NewCirc3
Iter:10, Cost:22.095458984375004
Iter:20, Cost:20.396728515625004
Iter:30, Cost:20.133544921875004
Iter:40, Cost:20.779541015625
Iter:50, Cost:21.042724609375004
Iter:60, Cost:22.179199218750004
Iter:70, Cost:19.463623046875
Iter:80, Cost:22.023681640625004
Iter:90, Cost:21.258056640625
Iter:100, Cost:20.4326171875
Iter:110, Cost:20.564208984375004
Iter:120, Cost:19.774658203125
Iter:130, Cost:19.90625
Iter:140, Cost:20.12158203125
Iter:150, Cost:19.439697265625
Iter:160, Cost:20.12158203125
Iter:170, Cost:19.73876953125
Iter:180, Cost:19.78662109375
Iter:190, Cost:19.367919921875
Iter:200, Cost:21.186279296875
Iter:210, Cost:18.8056640625
Iter:220, Cost:20.48046875
Iter:230, Cost:20.07373046875
Iter:240, Cost:20.037841796875
Iter:250, Cost:20.45654296875
Iter:260, Cost:19.93017578125
Iter:270, Cost:20.576171875
Iter:280, Cost:19.73876953125
Iter:290, Cost:18.937255859375
Iter:300, Cost:19.427734375
Iter:310, Cost:20.60009765625
Iter:320, Cost:19.511474609375
Iter:330, Cost:19.236328125
Iter:340, Cost:19.73876953125
Iter:350, Cost:20.540283203125
Iter:360, Cost:20.612060546875
Iter:370, Cost:20.0498046875
Iter:380, Cost:20.8154296875
Iter:390, Cost:19.6669921875
Iter:400, Cost:20.2412109375
Iter:410, Cost:19.71484375
Iter:420, Cost:19.54736328125
Iter:430, Cost:20.635986328125
Iter:440, Cost:20.2890625
Iter:450, Cost:19.463623046875
Iter:460, Cost:18.482666015625
Iter:470, Cost:19.88232421875
Iter:480, Cost:19.2841796875
Iter:490, Cost:19.846435546875
Iter:500, Cost:20.0498046875
Iter:510, Cost:17.9921875
Iter:520, Cost:20.205322265625
Iter:530, Cost:19.511474609375
Iter:540, Cost:20.07373046875
Iter:550, Cost:18.674072265625
Iter:560, Cost:19.83447265625
Iter:570, Cost:17.77685546875
Iter:580, Cost:20.45654296875
Iter:590, Cost:19.056884765625
Iter:600, Cost:19.655029296875
Iter:610, Cost:19.152587890625
Iter:620, Cost:19.535400390625
Iter:630, Cost:18.78173828125
Iter:640, Cost:20.69580078125
Iter:650, Cost:18.68603515625
Iter:660, Cost:20.420654296875
Iter:670, Cost:18.434814453125004
Iter:680, Cost:18.530517578125
Iter:690, Cost:17.96826171875
Iter:700, Cost:19.056884765625
Iter:710, Cost:18.44677734375
Iter:720, Cost:19.343994140625
Iter:730, Cost:18.626220703125
Iter:740, Cost:19.415771484375
Iter:750, Cost:18.410888671875
Iter:760, Cost:18.745849609375
Iter:770, Cost:18.3271484375
Iter:780, Cost:17.68115234375
Iter:790, Cost:17.92041015625
Iter:800, Cost:18.39892578125
Iter:810, Cost:17.20263671875
Iter:820, Cost:19.11669921875
Iter:830, Cost:19.152587890625
Iter:840, Cost:18.339111328125
Iter:850, Cost:18.123779296875
Iter:860, Cost:18.25537109375
Iter:870, Cost:17.788818359375
Iter:880, Cost:19.391845703125
Iter:890, Cost:17.48974609375
Iter:900, Cost:18.410888671875004
Iter:910, Cost:18.554443359375
Iter:920, Cost:17.884521484375
Iter:930, Cost:17.03515625
Iter:940, Cost:18.6142578125
Iter:950, Cost:18.470703125
Iter:960, Cost:18.626220703125
Iter:970, Cost:18.35107421875
Iter:980, Cost:17.597412109375
Iter:990, Cost:17.3701171875
Iter:1000, Cost:17.669189453125004
Iter:1010, Cost:19.535400390625
Iter:1020, Cost:17.573486328125
Iter:1030, Cost:16.568603515625007
Iter:1040, Cost:18.54248046875
Iter:1050, Cost:16.62841796875
Iter:1060, Cost:16.903564453125
Iter:1070, Cost:17.537597656250004
Iter:1080, Cost:17.9443359375
Iter:1090, Cost:16.72412109375
Iter:1100, Cost:18.099853515625
Iter:1110, Cost:16.568603515625
Iter:1120, Cost:16.43701171875
Iter:1130, Cost:16.616455078125
Iter:1140, Cost:17.310302734375
Iter:1150, Cost:17.621337890625
Iter:1160, Cost:17.130859375
Iter:1170, Cost:16.77197265625
Iter:1180, Cost:17.130859375
Iter:1190, Cost:17.03515625
Iter:1200, Cost:16.5087890625
Iter:1210, Cost:16.353271484375
Iter:1220, Cost:16.77197265625
Iter:1230, Cost:17.513671875
Iter:1240, Cost:17.34619140625
Iter:1250, Cost:16.10205078125
Iter:1260, Cost:16.86767578125
Iter:1270, Cost:16.879638671875
Iter:1280, Cost:15.755126953125
Iter:1290, Cost:16.018310546875
Iter:1300, Cost:16.090087890625
Iter:1310, Cost:15.57568359375
Iter:1320, Cost:17.01123046875
Iter:1330, Cost:15.970458984375
Iter:1340, Cost:16.688232421875
Iter:1350, Cost:15.683349609375
Iter:1360, Cost:16.114013671875
Iter:1370, Cost:16.209716796875
Iter:1380, Cost:16.544677734375
Iter:1390, Cost:16.29345703125
Iter:1400, Cost:15.24072265625
Iter:1410, Cost:15.62353515625
Iter:1420, Cost:16.544677734375
Iter:1430, Cost:15.180908203125
Iter:1440, Cost:15.6474609375
Iter:1450, Cost:15.57568359375
Iter:1460, Cost:16.26953125
Iter:1470, Cost:14.9775390625
Iter:1480, Cost:14.642578125
Iter:1490, Cost:15.527832031250007
Iter:1500, Cost:15.156982421875
Starting optimization with Ansatz=Ansatz.NewCirc4
Iter:10, Cost:30.074707031250004
Iter:20, Cost:22.227050781250004
Iter:30, Cost:16.951416015625
Iter:40, Cost:13.912841796875
Iter:50, Cost:10.563232421875
Iter:60, Cost:10.826416015625
Iter:70, Cost:6.113037109375
Iter:80, Cost:6.160888671875
Iter:90, Cost:5.71826171875
Iter:100, Cost:5.897705078125
Iter:110, Cost:5.71826171875
Iter:120, Cost:5.76611328125
Iter:130, Cost:5.347412109375
Iter:140, Cost:5.00048828125
Iter:150, Cost:5.275634765625
Iter:160, Cost:5.5986328125
Iter:170, Cost:5.562744140625
Iter:180, Cost:4.04345703125
Iter:190, Cost:5.012451171875
Iter:200, Cost:4.7373046875
Iter:210, Cost:3.9716796875
Iter:220, Cost:5.837890625
Iter:230, Cost:5.14404296875
Iter:240, Cost:5.5029296875
Iter:250, Cost:4.6416015625
Iter:260, Cost:5.586669921875
Iter:270, Cost:4.61767578125
Iter:280, Cost:3.9716796875
Iter:290, Cost:5.38330078125
Iter:300, Cost:5.969482421875
Iter:310, Cost:5.132080078125
Iter:320, Cost:4.198974609375
Iter:330, Cost:4.76123046875
Iter:340, Cost:5.62255859375
Iter:350, Cost:5.28759765625
Iter:360, Cost:4.80908203125
Iter:370, Cost:4.940673828125
Iter:380, Cost:5.323486328125
Iter:390, Cost:5.359375
Iter:400, Cost:4.2587890625
Iter:410, Cost:4.78515625
Iter:420, Cost:5.43115234375
Iter:430, Cost:5.156005859375
Iter:440, Cost:5.706298828125
Iter:450, Cost:5.299560546875
Iter:460, Cost:4.5458984375
Iter:470, Cost:4.85693359375
Iter:480, Cost:5.778076171875
Iter:490, Cost:5.0244140625
Iter:500, Cost:5.778076171875
Iter:510, Cost:4.66552734375
Iter:520, Cost:4.5458984375
Iter:530, Cost:4.462158203125
Iter:540, Cost:4.37841796875
Iter:550, Cost:4.605712890625
Iter:560, Cost:5.825927734375
Iter:570, Cost:4.486083984375
Iter:580, Cost:4.59375
Iter:590, Cost:5.610595703125
Iter:600, Cost:3.94775390625
Iter:610, Cost:4.916748046875
Iter:620, Cost:5.012451171875
Iter:630, Cost:5.275634765625
Iter:640, Cost:5.09619140625
Iter:650, Cost:4.557861328125
Iter:660, Cost:4.701416015625
Iter:670, Cost:3.828125
Iter:680, Cost:4.78515625
Iter:690, Cost:5.43115234375
Iter:700, Cost:4.78515625
Iter:710, Cost:5.7421875
Iter:720, Cost:5.455078125
Iter:730, Cost:4.18701171875
Iter:740, Cost:5.52685546875
Iter:750, Cost:5.8857421875
Iter:760, Cost:5.251708984375
Iter:770, Cost:5.012451171875
Iter:780, Cost:5.71826171875
Iter:790, Cost:5.455078125
Iter:800, Cost:4.438232421875
Iter:810, Cost:4.749267578125
Iter:820, Cost:5.43115234375
Iter:830, Cost:4.486083984375
Iter:840, Cost:4.47412109375
Iter:850, Cost:4.498046875
Iter:860, Cost:4.175048828125
Iter:870, Cost:5.76611328125
Iter:880, Cost:4.725341796875
Iter:890, Cost:4.1630859375
Iter:900, Cost:5.455078125
Iter:910, Cost:4.486083984375
Iter:920, Cost:5.084228515625
Iter:930, Cost:4.581787109375
Iter:940, Cost:4.61767578125
Iter:950, Cost:4.80908203125
Iter:960, Cost:5.263671875
Iter:970, Cost:4.689453125
Iter:980, Cost:5.993408203125
Iter:990, Cost:5.28759765625
Iter:1000, Cost:4.9287109375
Iter:1010, Cost:5.538818359375
Iter:1020, Cost:4.151123046875
Iter:1030, Cost:3.959716796875
Iter:1040, Cost:5.28759765625
Iter:1050, Cost:4.59375
Iter:1060, Cost:3.9716796875
Iter:1070, Cost:4.689453125
Iter:1080, Cost:5.14404296875
Iter:1090, Cost:4.28271484375
Iter:1100, Cost:5.16796875
Iter:1110, Cost:4.47412109375
Iter:1120, Cost:4.689453125
Iter:1130, Cost:3.56494140625
Iter:1140, Cost:4.414306640625
Iter:1150, Cost:6.2685546875
Iter:1160, Cost:4.462158203125
Iter:1170, Cost:4.438232421875
Iter:1180, Cost:4.821044921875
Iter:1190, Cost:4.59375
Iter:1200, Cost:4.42626953125
Iter:1210, Cost:4.605712890625
Iter:1220, Cost:5.467041015625
Iter:1230, Cost:3.911865234375
Iter:1240, Cost:4.7373046875
Iter:1250, Cost:4.581787109375
Iter:1260, Cost:5.562744140625
Iter:1270, Cost:5.072265625
Iter:1280, Cost:4.2109375
Iter:1290, Cost:5.43115234375
Iter:1300, Cost:4.892822265625
Iter:1310, Cost:5.395263671875
Iter:1320, Cost:5.993408203125
Iter:1330, Cost:4.23486328125
Iter:1340, Cost:4.222900390625
Iter:1350, Cost:4.37841796875
Iter:1360, Cost:5.19189453125
Iter:1370, Cost:4.90478515625
Iter:1380, Cost:4.880859375
Iter:1390, Cost:5.1201171875
Iter:1400, Cost:5.754150390625
Iter:1410, Cost:5.203857421875
Iter:1420, Cost:4.1630859375
Iter:1430, Cost:5.275634765625
Iter:1440, Cost:4.677490234375
Iter:1450, Cost:5.5986328125
Iter:1460, Cost:4.605712890625
Iter:1470, Cost:4.2587890625
Iter:1480, Cost:4.689453125
Iter:1490, Cost:4.222900390625
Iter:1500, Cost:4.306640625
Starting optimization with Ansatz=Ansatz.NewCirc5
Iter:10, Cost:49.56225585937501
Iter:20, Cost:47.69604492187501
Iter:30, Cost:34.76416015625001
Iter:40, Cost:24.535888671875004
Iter:50, Cost:22.107421875000004
Iter:60, Cost:19.152587890625
Iter:70, Cost:20.420654296875004
Iter:80, Cost:21.162353515625004
Iter:90, Cost:22.119384765625
Iter:100, Cost:19.463623046875
Iter:110, Cost:20.31298828125
Iter:120, Cost:18.052001953125
Iter:130, Cost:17.82470703125
Iter:140, Cost:17.932373046875
Iter:150, Cost:16.592529296875
Iter:160, Cost:17.41796875
Iter:170, Cost:18.56640625
Iter:180, Cost:15.6474609375
Iter:190, Cost:15.563720703125
Iter:200, Cost:15.300537109375
Iter:210, Cost:15.659423828125
Iter:220, Cost:14.965576171875
Iter:230, Cost:13.7333984375
Iter:240, Cost:14.032470703125
Iter:250, Cost:14.61865234375
Iter:260, Cost:12.89599609375
Iter:270, Cost:12.836181640625
Iter:280, Cost:12.381591796875
Iter:290, Cost:13.20703125
Iter:300, Cost:12.166259765625
Iter:310, Cost:12.7763671875
Iter:320, Cost:12.596923828125
Iter:330, Cost:12.3935546875
Iter:340, Cost:13.266845703125
Iter:350, Cost:11.831298828125
Iter:360, Cost:11.771484375
Iter:370, Cost:11.4365234375
Iter:380, Cost:11.67578125
Iter:390, Cost:12.22607421875
Iter:400, Cost:11.005859375
Iter:410, Cost:11.60400390625
Iter:420, Cost:11.639892578125
Iter:430, Cost:12.44140625
Iter:440, Cost:12.214111328125
Iter:450, Cost:12.0107421875
Iter:460, Cost:11.26904296875
Iter:470, Cost:12.60888671875
Iter:480, Cost:11.472412109375
Iter:490, Cost:12.36962890625
Iter:500, Cost:10.93408203125
Iter:510, Cost:11.65185546875
Iter:520, Cost:12.285888671875
Iter:530, Cost:11.544189453125
Iter:540, Cost:11.197265625
Iter:550, Cost:14.14013671875
Iter:560, Cost:11.304931640625
Iter:570, Cost:11.233154296875
Iter:580, Cost:11.55615234375
Iter:590, Cost:11.137451171875
Iter:600, Cost:11.998779296875
Iter:610, Cost:11.8193359375
Iter:620, Cost:11.783447265625
Iter:630, Cost:10.969970703125
Iter:640, Cost:12.070556640625
Iter:650, Cost:10.5751953125
Iter:660, Cost:11.26904296875
Iter:670, Cost:11.69970703125
Iter:680, Cost:12.166259765625
Iter:690, Cost:12.214111328125
Iter:700, Cost:11.472412109375
Iter:710, Cost:11.448486328125
Iter:720, Cost:12.094482421875
Iter:730, Cost:11.974853515625
Iter:740, Cost:11.93896484375
Iter:750, Cost:11.2451171875
Iter:760, Cost:11.304931640625
Iter:770, Cost:11.113525390625
Iter:780, Cost:11.233154296875
Iter:790, Cost:11.84326171875
Iter:800, Cost:12.345703125
Iter:810, Cost:11.12548828125
Iter:820, Cost:11.400634765625
Iter:830, Cost:11.1015625
Iter:840, Cost:11.8193359375
Iter:850, Cost:11.1015625
Iter:860, Cost:10.228271484375
Iter:870, Cost:11.711669921875
Iter:880, Cost:11.017822265625
Iter:890, Cost:11.759521484375
Iter:900, Cost:11.1494140625
Iter:910, Cost:11.185302734375
Iter:920, Cost:12.56103515625
Iter:930, Cost:10.55126953125
Iter:940, Cost:10.623046875
Iter:950, Cost:10.2880859375
Iter:960, Cost:10.74267578125
Iter:970, Cost:11.89111328125
Iter:980, Cost:11.07763671875
Iter:990, Cost:11.005859375
Iter:1000, Cost:11.12548828125
Iter:1010, Cost:11.209228515625
Iter:1020, Cost:11.771484375
Iter:1030, Cost:10.623046875
Iter:1040, Cost:11.29296875
Iter:1050, Cost:11.31689453125
Iter:1060, Cost:10.946044921875
Iter:1070, Cost:10.658935546875
Iter:1080, Cost:11.735595703125
Iter:1090, Cost:11.84326171875
Iter:1100, Cost:11.807373046875
Iter:1110, Cost:11.005859375
Iter:1120, Cost:11.137451171875
Iter:1130, Cost:10.874267578125
Iter:1140, Cost:10.69482421875
Iter:1150, Cost:10.993896484375
Iter:1160, Cost:9.9052734375
Iter:1170, Cost:12.525146484375
Iter:1180, Cost:11.017822265625
Iter:1190, Cost:10.850341796875
Iter:1200, Cost:10.754638671875
Iter:1210, Cost:10.98193359375
Iter:1220, Cost:9.869384765625
Iter:1230, Cost:10.395751953125
Iter:1240, Cost:11.4365234375
Iter:1250, Cost:11.209228515625
Iter:1260, Cost:11.711669921875
Iter:1270, Cost:11.22119140625
Iter:1280, Cost:10.658935546875
Iter:1290, Cost:11.12548828125
Iter:1300, Cost:10.300048828125
Iter:1310, Cost:11.615966796875
Iter:1320, Cost:11.1494140625
Iter:1330, Cost:10.26416015625
Iter:1340, Cost:10.814453125
Iter:1350, Cost:10.802490234375
Iter:1360, Cost:10.74267578125
Iter:1370, Cost:11.352783203125
Iter:1380, Cost:11.352783203125
Iter:1390, Cost:11.376708984375
Iter:1400, Cost:11.950927734375
Iter:1410, Cost:10.898193359375
Iter:1420, Cost:10.07275390625
Iter:1430, Cost:11.197265625
Iter:1440, Cost:10.35986328125
Iter:1450, Cost:11.233154296875
Iter:1460, Cost:11.281005859375
Iter:1470, Cost:10.240234375
Iter:1480, Cost:10.98193359375
Iter:1490, Cost:10.036865234375
Iter:1500, Cost:12.070556640625
Starting optimization with Ansatz=Ansatz.NewCirc6
Iter:10, Cost:24.212890625
Iter:20, Cost:13.338623046875
Iter:30, Cost:11.639892578125
Iter:40, Cost:6.447998046875
Iter:50, Cost:5.67041015625
Iter:60, Cost:6.759033203125
Iter:70, Cost:3.959716796875
Iter:80, Cost:4.246826171875
Iter:90, Cost:4.127197265625
Iter:100, Cost:3.552978515625
Iter:110, Cost:4.916748046875
Iter:120, Cost:4.246826171875
Iter:130, Cost:3.385498046875
Iter:140, Cost:3.51708984375
Iter:150, Cost:5.09619140625
Iter:160, Cost:4.59375
Iter:170, Cost:3.337646484375
Iter:180, Cost:3.457275390625
Iter:190, Cost:3.7802734375
Iter:200, Cost:3.25390625
Iter:210, Cost:3.289794921875
Iter:220, Cost:4.23486328125
Iter:230, Cost:3.51708984375
Iter:240, Cost:4.246826171875
Iter:250, Cost:3.27783203125
Iter:260, Cost:3.696533203125
Iter:270, Cost:4.04345703125
Iter:280, Cost:2.75146484375
Iter:290, Cost:4.2587890625
Iter:300, Cost:2.978759765625
Iter:310, Cost:3.6845703125
Iter:320, Cost:3.3974609375
Iter:330, Cost:3.218017578125
Iter:340, Cost:4.222900390625
Iter:350, Cost:4.055419921875
Iter:360, Cost:3.911865234375
Iter:370, Cost:4.71337890625
Iter:380, Cost:3.241943359375
Iter:390, Cost:3.289794921875
Iter:400, Cost:4.498046875
Iter:410, Cost:3.94775390625
Iter:420, Cost:5.132080078125
Iter:430, Cost:4.318603515625
Iter:440, Cost:3.026611328125
Iter:450, Cost:4.055419921875
Iter:460, Cost:3.94775390625
Iter:470, Cost:3.25390625
Iter:480, Cost:4.28271484375
Iter:490, Cost:2.9189453125
Iter:500, Cost:4.198974609375
Iter:510, Cost:3.8759765625
Iter:520, Cost:4.581787109375
Iter:530, Cost:3.361572265625
Iter:540, Cost:2.691650390625
Iter:550, Cost:4.1630859375
Iter:560, Cost:3.9716796875
Iter:570, Cost:3.600830078125
Iter:580, Cost:2.906982421875
Iter:590, Cost:4.318603515625
Iter:600, Cost:3.94775390625
Iter:610, Cost:3.600830078125
Iter:620, Cost:3.648681640625
Iter:630, Cost:3.624755859375
Iter:640, Cost:3.983642578125
Iter:650, Cost:3.959716796875
Iter:660, Cost:4.18701171875
Iter:670, Cost:4.318603515625
Iter:680, Cost:3.2060546875
Iter:690, Cost:3.696533203125
Iter:700, Cost:4.18701171875
Iter:710, Cost:3.18212890625
Iter:720, Cost:3.600830078125
Iter:730, Cost:2.75146484375
Iter:740, Cost:4.13916015625
Iter:750, Cost:3.7802734375
Iter:760, Cost:3.32568359375
Iter:770, Cost:3.99560546875
Iter:780, Cost:3.840087890625
Iter:790, Cost:4.66552734375
Iter:800, Cost:3.7802734375
Iter:810, Cost:3.66064453125
Iter:820, Cost:2.966796875
Iter:830, Cost:3.51708984375
Iter:840, Cost:3.732421875
Iter:850, Cost:4.42626953125
Iter:860, Cost:3.959716796875
Iter:870, Cost:4.47412109375
Iter:880, Cost:3.481201171875
Iter:890, Cost:4.198974609375
Iter:900, Cost:3.51708984375
Iter:910, Cost:3.8759765625
Iter:920, Cost:4.0673828125
Iter:930, Cost:3.66064453125
Iter:940, Cost:3.313720703125
Iter:950, Cost:2.906982421875
Iter:960, Cost:3.026611328125
Iter:970, Cost:3.026611328125
Iter:980, Cost:3.744384765625
Iter:990, Cost:3.576904296875
Iter:1000, Cost:4.52197265625
Iter:1010, Cost:4.0673828125
Iter:1020, Cost:4.01953125
Iter:1030, Cost:2.94287109375
Iter:1040, Cost:3.56494140625
Iter:1050, Cost:3.46923828125
Iter:1060, Cost:4.773193359375
Iter:1070, Cost:3.18212890625
Iter:1080, Cost:3.13427734375
Iter:1090, Cost:4.318603515625
Iter:1100, Cost:3.792236328125
Iter:1110, Cost:3.75634765625
Iter:1120, Cost:3.816162109375
Iter:1130, Cost:3.146240234375
Iter:1140, Cost:3.289794921875
Iter:1150, Cost:3.94775390625
Iter:1160, Cost:4.66552734375
Iter:1170, Cost:4.246826171875
Iter:1180, Cost:3.46923828125
Iter:1190, Cost:3.146240234375
Iter:1200, Cost:3.22998046875
Iter:1210, Cost:3.18212890625
Iter:1220, Cost:3.70849609375
Iter:1230, Cost:3.63671875
Iter:1240, Cost:4.103271484375
Iter:1250, Cost:3.158203125
Iter:1260, Cost:3.37353515625
Iter:1270, Cost:3.13427734375
Iter:1280, Cost:4.366455078125
Iter:1290, Cost:3.959716796875
Iter:1300, Cost:3.349609375
Iter:1310, Cost:2.84716796875
Iter:1320, Cost:3.4453125
Iter:1330, Cost:3.42138671875
Iter:1340, Cost:3.66064453125
Iter:1350, Cost:3.720458984375
Iter:1360, Cost:3.25390625
Iter:1370, Cost:4.04345703125
Iter:1380, Cost:3.61279296875
Iter:1390, Cost:2.99072265625
Iter:1400, Cost:3.194091796875
Iter:1410, Cost:4.557861328125
Iter:1420, Cost:3.51708984375
Iter:1430, Cost:3.0625
Iter:1440, Cost:3.552978515625
Iter:1450, Cost:3.529052734375
Iter:1460, Cost:2.380615234375
Iter:1470, Cost:4.246826171875
Iter:1480, Cost:3.361572265625
Iter:1490, Cost:4.127197265625
Iter:1500, Cost:3.911865234375
Starting optimization with Ansatz=Ansatz.NewCirc7
Iter:10, Cost:43.48510742187501
Iter:20, Cost:18.135742187500004
Iter:30, Cost:13.601806640625
Iter:40, Cost:10.6708984375
Iter:50, Cost:9.366943359375
Iter:60, Cost:8.505615234375
Iter:70, Cost:6.256591796875
Iter:80, Cost:6.7470703125
Iter:90, Cost:7.20166015625
Iter:100, Cost:5.945556640625
Iter:110, Cost:6.543701171875
Iter:120, Cost:5.3115234375
Iter:130, Cost:6.48388671875
Iter:140, Cost:6.041259765625
Iter:150, Cost:4.916748046875
Iter:160, Cost:5.538818359375
Iter:170, Cost:5.969482421875
Iter:180, Cost:3.935791015625
Iter:190, Cost:5.275634765625
Iter:200, Cost:4.40234375
Iter:210, Cost:5.634521484375
Iter:220, Cost:5.6943359375
Iter:230, Cost:5.873779296875
Iter:240, Cost:5.5986328125
Iter:250, Cost:5.490966796875
Iter:260, Cost:3.75634765625
Iter:270, Cost:3.672607421875
Iter:280, Cost:4.7373046875
Iter:290, Cost:5.52685546875
Iter:300, Cost:5.203857421875
Iter:310, Cost:5.634521484375
Iter:320, Cost:5.5029296875
Iter:330, Cost:4.964599609375
Iter:340, Cost:5.849853515625
Iter:350, Cost:4.90478515625
Iter:360, Cost:4.23486328125
Iter:370, Cost:5.263671875
Iter:380, Cost:4.725341796875
Iter:390, Cost:5.47900390625
Iter:400, Cost:4.95263671875
Iter:410, Cost:5.275634765625
Iter:420, Cost:4.56982421875
Iter:430, Cost:4.940673828125
Iter:440, Cost:5.634521484375
Iter:450, Cost:4.605712890625
Iter:460, Cost:4.916748046875
Iter:470, Cost:5.43115234375
Iter:480, Cost:4.844970703125
Iter:490, Cost:4.605712890625
Iter:500, Cost:4.964599609375
Iter:510, Cost:5.251708984375
Iter:520, Cost:5.57470703125
Iter:530, Cost:4.031494140625
Iter:540, Cost:5.33544921875
Iter:550, Cost:5.19189453125
Iter:560, Cost:4.47412109375
Iter:570, Cost:6.05322265625
Iter:580, Cost:4.306640625
Iter:590, Cost:5.132080078125
Iter:600, Cost:4.78515625
Iter:610, Cost:5.4072265625
Iter:620, Cost:4.47412109375
Iter:630, Cost:4.486083984375
Iter:640, Cost:4.59375
Iter:650, Cost:4.127197265625
Iter:660, Cost:4.533935546875
Iter:670, Cost:5.706298828125
Iter:680, Cost:4.797119140625
Iter:690, Cost:4.701416015625
Iter:700, Cost:5.060302734375
Iter:710, Cost:4.2587890625
Iter:720, Cost:4.7373046875
Iter:730, Cost:4.653564453125
Iter:740, Cost:5.09619140625
Iter:750, Cost:4.76123046875
Iter:760, Cost:4.8330078125
Iter:770, Cost:6.113037109375
Iter:780, Cost:5.072265625
Iter:790, Cost:4.462158203125
Iter:800, Cost:4.7373046875
Iter:810, Cost:4.880859375
Iter:820, Cost:4.892822265625
Iter:830, Cost:4.7373046875
Iter:840, Cost:4.9287109375
Iter:850, Cost:4.52197265625
Iter:860, Cost:5.263671875
Iter:870, Cost:4.90478515625
Iter:880, Cost:5.16796875
Iter:890, Cost:4.940673828125
Iter:900, Cost:4.342529296875
Iter:910, Cost:4.988525390625
Iter:920, Cost:5.55078125
Iter:930, Cost:3.8759765625
Iter:940, Cost:4.868896484375
Iter:950, Cost:4.95263671875
Iter:960, Cost:5.203857421875
Iter:970, Cost:4.3544921875
Iter:980, Cost:5.060302734375
Iter:990, Cost:4.486083984375
Iter:1000, Cost:4.95263671875
Iter:1010, Cost:4.4501953125
Iter:1020, Cost:5.09619140625
Iter:1030, Cost:4.115234375
Iter:1040, Cost:4.701416015625
Iter:1050, Cost:3.9716796875
Iter:1060, Cost:4.533935546875
Iter:1070, Cost:4.4501953125
Iter:1080, Cost:4.37841796875
Iter:1090, Cost:3.744384765625
Iter:1100, Cost:4.725341796875
Iter:1110, Cost:4.366455078125
Iter:1120, Cost:5.012451171875
Iter:1130, Cost:4.59375
Iter:1140, Cost:4.510009765625
Iter:1150, Cost:4.8330078125
Iter:1160, Cost:4.390380859375
Iter:1170, Cost:4.6416015625
Iter:1180, Cost:5.108154296875
Iter:1190, Cost:5.38330078125
Iter:1200, Cost:4.486083984375
Iter:1210, Cost:5.036376953125
Iter:1220, Cost:5.299560546875
Iter:1230, Cost:5.012451171875
Iter:1240, Cost:4.007568359375
Iter:1250, Cost:5.5029296875
Iter:1260, Cost:5.227783203125
Iter:1270, Cost:4.880859375
Iter:1280, Cost:6.184814453125
Iter:1290, Cost:5.299560546875
Iter:1300, Cost:4.59375
Iter:1310, Cost:4.557861328125
Iter:1320, Cost:4.270751953125
Iter:1330, Cost:5.1201171875
Iter:1340, Cost:4.557861328125
Iter:1350, Cost:4.773193359375
Iter:1360, Cost:4.6416015625
Iter:1370, Cost:4.95263671875
Iter:1380, Cost:4.892822265625
Iter:1390, Cost:4.66552734375
Iter:1400, Cost:4.66552734375
Iter:1410, Cost:4.773193359375
Iter:1420, Cost:4.9287109375
Iter:1430, Cost:5.179931640625
Iter:1440, Cost:5.86181640625
Iter:1450, Cost:3.696533203125
Iter:1460, Cost:4.23486328125
Iter:1470, Cost:4.59375
Iter:1480, Cost:5.19189453125
Iter:1490, Cost:4.581787109375
Iter:1500, Cost:4.318603515625
Starting optimization with Ansatz=Ansatz.NewCirc8
Iter:10, Cost:36.857666015625
Iter:20, Cost:10.7666015625
Iter:30, Cost:7.82373046875
Iter:40, Cost:8.385986328125
Iter:50, Cost:7.070068359375
Iter:60, Cost:6.43603515625
Iter:70, Cost:6.14892578125
Iter:80, Cost:6.136962890625
Iter:90, Cost:5.7900390625
Iter:100, Cost:5.9814453125
Iter:110, Cost:5.455078125
Iter:120, Cost:6.72314453125
Iter:130, Cost:4.95263671875
Iter:140, Cost:5.95751953125
Iter:150, Cost:4.78515625
Iter:160, Cost:5.610595703125
Iter:170, Cost:5.802001953125
Iter:180, Cost:4.85693359375
Iter:190, Cost:6.220703125
Iter:200, Cost:5.395263671875
Iter:210, Cost:5.04833984375
Iter:220, Cost:5.945556640625
Iter:230, Cost:5.778076171875
Iter:240, Cost:6.19677734375
Iter:250, Cost:5.95751953125
Iter:260, Cost:5.969482421875
Iter:270, Cost:4.498046875
Iter:280, Cost:5.16796875
Iter:290, Cost:5.586669921875
Iter:300, Cost:5.00048828125
Iter:310, Cost:5.203857421875
Iter:320, Cost:4.318603515625
Iter:330, Cost:4.2109375
Iter:340, Cost:5.09619140625
Iter:350, Cost:5.52685546875
Iter:360, Cost:4.3544921875
Iter:370, Cost:5.455078125
Iter:380, Cost:4.773193359375
Iter:390, Cost:5.108154296875
Iter:400, Cost:4.40234375
Iter:410, Cost:4.66552734375
Iter:420, Cost:5.610595703125
Iter:430, Cost:4.294677734375
Iter:440, Cost:4.294677734375
Iter:450, Cost:4.749267578125
Iter:460, Cost:5.251708984375
Iter:470, Cost:3.983642578125
Iter:480, Cost:4.71337890625
Iter:490, Cost:4.605712890625
Iter:500, Cost:5.00048828125
Iter:510, Cost:6.184814453125
Iter:520, Cost:5.3115234375
Iter:530, Cost:4.486083984375
Iter:540, Cost:4.246826171875
Iter:550, Cost:5.514892578125
Iter:560, Cost:5.2158203125
Iter:570, Cost:4.09130859375
Iter:580, Cost:5.5029296875
Iter:590, Cost:4.916748046875
Iter:600, Cost:5.1201171875
Iter:610, Cost:5.57470703125
Iter:620, Cost:4.13916015625
Iter:630, Cost:5.23974609375
Iter:640, Cost:5.3115234375
Iter:650, Cost:4.61767578125
Iter:660, Cost:5.108154296875
Iter:670, Cost:5.7421875
Iter:680, Cost:4.366455078125
Iter:690, Cost:6.160888671875
Iter:700, Cost:4.270751953125
Iter:710, Cost:5.203857421875
Iter:720, Cost:5.2158203125
Iter:730, Cost:4.9765625
Iter:740, Cost:4.6416015625
Iter:750, Cost:5.873779296875
Iter:760, Cost:4.557861328125
Iter:770, Cost:4.486083984375
Iter:780, Cost:4.90478515625
Iter:790, Cost:4.940673828125
Iter:800, Cost:5.67041015625
Iter:810, Cost:5.706298828125
Iter:820, Cost:5.16796875
Iter:830, Cost:5.897705078125
Iter:840, Cost:4.95263671875
Iter:850, Cost:5.419189453125
Iter:860, Cost:4.90478515625
Iter:870, Cost:4.773193359375
Iter:880, Cost:5.04833984375
Iter:890, Cost:4.629638671875
Iter:900, Cost:4.653564453125
Iter:910, Cost:4.18701171875
Iter:920, Cost:5.57470703125
Iter:930, Cost:4.42626953125
Iter:940, Cost:5.359375
Iter:950, Cost:5.14404296875
Iter:960, Cost:4.510009765625
Iter:970, Cost:4.892822265625
Iter:980, Cost:5.1201171875
Iter:990, Cost:4.749267578125
Iter:1000, Cost:4.80908203125
Iter:1010, Cost:3.89990234375
Iter:1020, Cost:6.029296875
Iter:1030, Cost:4.797119140625
Iter:1040, Cost:3.744384765625
Iter:1050, Cost:5.299560546875
Iter:1060, Cost:5.14404296875
Iter:1070, Cost:4.95263671875
Iter:1080, Cost:5.43115234375
Iter:1090, Cost:4.47412109375
Iter:1100, Cost:5.299560546875
Iter:1110, Cost:4.557861328125
Iter:1120, Cost:5.658447265625
Iter:1130, Cost:6.220703125
Iter:1140, Cost:5.55078125
Iter:1150, Cost:5.490966796875
Iter:1160, Cost:3.66064453125
Iter:1170, Cost:4.749267578125
Iter:1180, Cost:5.86181640625
Iter:1190, Cost:4.90478515625
Iter:1200, Cost:5.7900390625
Iter:1210, Cost:4.725341796875
Iter:1220, Cost:5.1201171875
Iter:1230, Cost:5.072265625
Iter:1240, Cost:5.93359375
Iter:1250, Cost:4.7373046875
Iter:1260, Cost:5.179931640625
Iter:1270, Cost:5.67041015625
Iter:1280, Cost:5.275634765625
Iter:1290, Cost:5.3115234375
Iter:1300, Cost:5.8857421875
Iter:1310, Cost:4.605712890625
Iter:1320, Cost:5.754150390625
Iter:1330, Cost:4.880859375
Iter:1340, Cost:3.983642578125
Iter:1350, Cost:4.56982421875
Iter:1360, Cost:5.9814453125
Iter:1370, Cost:5.467041015625
Iter:1380, Cost:4.797119140625
Iter:1390, Cost:5.072265625
Iter:1400, Cost:5.514892578125
Iter:1410, Cost:5.16796875
Iter:1420, Cost:4.90478515625
Iter:1430, Cost:4.462158203125
Iter:1440, Cost:4.486083984375
Iter:1450, Cost:5.33544921875
Iter:1460, Cost:5.179931640625
Iter:1470, Cost:4.749267578125
Iter:1480, Cost:5.38330078125
Iter:1490, Cost:4.9765625
Iter:1500, Cost:4.2109375
Starting optimization with Ansatz=Ansatz.NewCirc9
Iter:10, Cost:6.041259765625
Iter:20, Cost:6.208740234375
Iter:30, Cost:6.447998046875
Iter:40, Cost:6.14892578125
Iter:50, Cost:6.017333984375
Iter:60, Cost:5.455078125
Iter:70, Cost:6.14892578125
Iter:80, Cost:6.113037109375
Iter:90, Cost:5.4072265625
Iter:100, Cost:5.514892578125
Iter:110, Cost:5.7421875
Iter:120, Cost:5.837890625
Iter:130, Cost:6.352294921875
Iter:140, Cost:4.90478515625
Iter:150, Cost:5.62255859375
Iter:160, Cost:6.328369140625
Iter:170, Cost:6.041259765625
Iter:180, Cost:5.455078125
Iter:190, Cost:6.5078125
Iter:200, Cost:6.6513671875
Iter:210, Cost:6.029296875
Iter:220, Cost:6.065185546875
Iter:230, Cost:6.14892578125
Iter:240, Cost:6.19677734375
Iter:250, Cost:5.514892578125
Iter:260, Cost:6.53173828125
Iter:270, Cost:5.036376953125
Iter:280, Cost:5.802001953125
Iter:290, Cost:5.634521484375
Iter:300, Cost:6.065185546875
Iter:310, Cost:5.3115234375
Iter:320, Cost:5.86181640625
Iter:330, Cost:5.849853515625
Iter:340, Cost:6.6513671875
Iter:350, Cost:5.43115234375
Iter:360, Cost:6.017333984375
Iter:370, Cost:5.562744140625
Iter:380, Cost:5.754150390625
Iter:390, Cost:5.825927734375
Iter:400, Cost:6.5556640625
Iter:410, Cost:6.639404296875
Iter:420, Cost:6.34033203125
Iter:430, Cost:6.029296875
Iter:440, Cost:6.735107421875
Iter:450, Cost:6.29248046875
Iter:460, Cost:7.29736328125
Iter:470, Cost:5.8857421875
Iter:480, Cost:5.347412109375
Iter:490, Cost:6.34033203125
Iter:500, Cost:5.263671875
Iter:510, Cost:5.837890625
Iter:520, Cost:6.424072265625
Iter:530, Cost:4.59375
Iter:540, Cost:6.519775390625
Iter:550, Cost:6.376220703125
Iter:560, Cost:5.371337890625
Iter:570, Cost:6.1728515625
Iter:580, Cost:6.890625
Iter:590, Cost:6.43603515625
Iter:600, Cost:5.347412109375
Iter:610, Cost:5.730224609375
Iter:620, Cost:6.184814453125
Iter:630, Cost:7.08203125
Iter:640, Cost:5.76611328125
Iter:650, Cost:6.543701171875
Iter:660, Cost:6.519775390625
Iter:670, Cost:5.2158203125
Iter:680, Cost:6.029296875
Iter:690, Cost:6.603515625
Iter:700, Cost:6.471923828125
Iter:710, Cost:6.543701171875
Iter:720, Cost:5.275634765625
Iter:730, Cost:5.371337890625
Iter:740, Cost:6.471923828125
Iter:750, Cost:6.2685546875
Iter:760, Cost:6.639404296875
Iter:770, Cost:6.220703125
Iter:780, Cost:5.9814453125
Iter:790, Cost:6.412109375
Iter:800, Cost:5.778076171875
Iter:810, Cost:5.57470703125
Iter:820, Cost:7.05810546875
Iter:830, Cost:5.993408203125
Iter:840, Cost:5.76611328125
Iter:850, Cost:6.184814453125
Iter:860, Cost:6.0771484375
Iter:870, Cost:6.412109375
Iter:880, Cost:6.53173828125
Iter:890, Cost:5.706298828125
Iter:900, Cost:6.34033203125
Iter:910, Cost:6.543701171875
Iter:920, Cost:5.610595703125
Iter:930, Cost:5.6943359375
Iter:940, Cost:5.682373046875
Iter:950, Cost:6.591552734375
Iter:960, Cost:5.897705078125
Iter:970, Cost:6.400146484375
Iter:980, Cost:5.8857421875
Iter:990, Cost:6.591552734375
Iter:1000, Cost:4.76123046875
Iter:1010, Cost:5.7421875
Iter:1020, Cost:6.184814453125
Iter:1030, Cost:5.490966796875
Iter:1040, Cost:5.514892578125
Iter:1050, Cost:6.43603515625
Iter:1060, Cost:6.256591796875
Iter:1070, Cost:5.57470703125
Iter:1080, Cost:5.802001953125
Iter:1090, Cost:5.969482421875
Iter:1100, Cost:6.8427734375
Iter:1110, Cost:6.902587890625
Iter:1120, Cost:7.08203125
Iter:1130, Cost:5.8857421875
Iter:1140, Cost:5.921630859375
Iter:1150, Cost:6.232666015625
Iter:1160, Cost:5.562744140625
Iter:1170, Cost:5.47900390625
Iter:1180, Cost:7.46484375
Iter:1190, Cost:6.86669921875
Iter:1200, Cost:6.759033203125
Iter:1210, Cost:6.67529296875
Iter:1220, Cost:6.5078125
Iter:1230, Cost:6.806884765625
Iter:1240, Cost:5.347412109375
Iter:1250, Cost:6.48388671875
Iter:1260, Cost:5.81396484375
Iter:1270, Cost:6.639404296875
Iter:1280, Cost:5.873779296875
Iter:1290, Cost:6.113037109375
Iter:1300, Cost:5.8857421875
Iter:1310, Cost:6.38818359375
Iter:1320, Cost:5.4072265625
Iter:1330, Cost:6.567626953125
Iter:1340, Cost:6.3642578125
Iter:1350, Cost:6.412109375
Iter:1360, Cost:6.806884765625
Iter:1370, Cost:7.24951171875
Iter:1380, Cost:5.467041015625
Iter:1390, Cost:6.5556640625
Iter:1400, Cost:6.24462890625
Iter:1410, Cost:5.09619140625
Iter:1420, Cost:6.220703125
Iter:1430, Cost:6.830810546875
Iter:1440, Cost:5.706298828125
Iter:1450, Cost:6.603515625
Iter:1460, Cost:5.90966796875
Iter:1470, Cost:6.065185546875
Iter:1480, Cost:6.543701171875
Iter:1490, Cost:6.77099609375
Iter:1500, Cost:5.060302734375
Starting optimization with Ansatz=Ansatz.NewCirc10
Iter:10, Cost:37.37207031250001
Iter:20, Cost:21.736572265625004
Iter:30, Cost:18.805664062500004
Iter:40, Cost:16.14990234375
Iter:50, Cost:16.86767578125
Iter:60, Cost:16.257568359375
Iter:70, Cost:16.712158203125
Iter:80, Cost:15.994384765625
Iter:90, Cost:14.606689453125
Iter:100, Cost:16.161865234375
Iter:110, Cost:15.6474609375
Iter:120, Cost:14.9296875
Iter:130, Cost:14.85791015625
Iter:140, Cost:15.86279296875
Iter:150, Cost:16.48486328125
Iter:160, Cost:16.53271484375
Iter:170, Cost:14.7861328125
Iter:180, Cost:14.534912109375
Iter:190, Cost:15.085205078125
Iter:200, Cost:15.970458984375
Iter:210, Cost:16.00634765625
Iter:220, Cost:15.71923828125
Iter:230, Cost:16.0302734375
Iter:240, Cost:15.216796875
Iter:250, Cost:15.6953125
Iter:260, Cost:15.1689453125
Iter:270, Cost:14.606689453125
Iter:280, Cost:15.061279296875
Iter:290, Cost:16.19775390625
Iter:300, Cost:15.81494140625
Iter:310, Cost:15.28857421875
Iter:320, Cost:15.71923828125
Iter:330, Cost:15.6953125
Iter:340, Cost:16.090087890625
Iter:350, Cost:14.702392578125
Iter:360, Cost:16.43701171875
Iter:370, Cost:15.57568359375
Iter:380, Cost:15.037353515625
Iter:390, Cost:15.025390625
Iter:400, Cost:13.864990234375
Iter:410, Cost:14.558837890625
Iter:420, Cost:15.95849609375
Iter:430, Cost:15.228759765625
Iter:440, Cost:16.233642578125
Iter:450, Cost:14.678466796875
Iter:460, Cost:15.874755859375
Iter:470, Cost:16.951416015625
Iter:480, Cost:14.367431640625
Iter:490, Cost:14.439208984375
Iter:500, Cost:15.731201171875
Iter:510, Cost:15.12109375
Iter:520, Cost:14.822021484375
Iter:530, Cost:15.779052734375
Iter:540, Cost:14.391357421875
Iter:550, Cost:15.43212890625
Iter:560, Cost:15.76708984375
Iter:570, Cost:13.745361328125
Iter:580, Cost:14.582763671875
Iter:590, Cost:14.534912109375
Iter:600, Cost:13.97265625
Iter:610, Cost:15.09716796875
Iter:620, Cost:15.085205078125
Iter:630, Cost:15.850830078125
Iter:640, Cost:16.14990234375
Iter:650, Cost:16.0302734375
Iter:660, Cost:15.611572265625
Iter:670, Cost:15.300537109375
Iter:680, Cost:14.85791015625
Iter:690, Cost:15.408203125
Iter:700, Cost:14.582763671875
Iter:710, Cost:14.630615234375
Iter:720, Cost:16.472900390625
Iter:730, Cost:15.6474609375
Iter:740, Cost:15.0732421875
Iter:750, Cost:14.95361328125
Iter:760, Cost:14.3076171875
Iter:770, Cost:14.702392578125
Iter:780, Cost:14.989501953125
Iter:790, Cost:15.09716796875
Iter:800, Cost:14.81005859375
Iter:810, Cost:15.468017578125
Iter:820, Cost:15.802978515625
Iter:830, Cost:15.180908203125
Iter:840, Cost:14.95361328125
Iter:850, Cost:14.61865234375
Iter:860, Cost:14.259765625
Iter:870, Cost:14.271728515625
Iter:880, Cost:15.707275390625
Iter:890, Cost:16.2216796875
Iter:900, Cost:15.898681640625
Iter:910, Cost:15.14501953125
Iter:920, Cost:15.50390625
Iter:930, Cost:14.654541015625
Iter:940, Cost:15.0732421875
Iter:950, Cost:15.3603515625
Iter:960, Cost:15.71923828125
Iter:970, Cost:16.939453125
Iter:980, Cost:15.76708984375
Iter:990, Cost:14.259765625
Iter:1000, Cost:15.444091796875
Iter:1010, Cost:15.7431640625
Iter:1020, Cost:15.276611328125
Iter:1030, Cost:15.109130859375
Iter:1040, Cost:15.539794921875
Iter:1050, Cost:15.683349609375
Iter:1060, Cost:15.3603515625
Iter:1070, Cost:15.88671875
Iter:1080, Cost:15.50390625
Iter:1090, Cost:14.6904296875
Iter:1100, Cost:15.599609375
Iter:1110, Cost:14.2119140625
Iter:1120, Cost:16.472900390625
Iter:1130, Cost:16.018310546875
Iter:1140, Cost:16.137939453125
Iter:1150, Cost:14.845947265625
Iter:1160, Cost:15.408203125
Iter:1170, Cost:15.659423828125
Iter:1180, Cost:15.204833984375
Iter:1190, Cost:14.73828125
Iter:1200, Cost:15.802978515625
Iter:1210, Cost:15.91064453125
Iter:1220, Cost:14.642578125
Iter:1230, Cost:15.47998046875
Iter:1240, Cost:15.9345703125
Iter:1250, Cost:13.85302734375
Iter:1260, Cost:15.62353515625
Iter:1270, Cost:15.085205078125
Iter:1280, Cost:13.984619140625
Iter:1290, Cost:15.6474609375
Iter:1300, Cost:15.52783203125
Iter:1310, Cost:16.496826171875
Iter:1320, Cost:16.377197265625
Iter:1330, Cost:16.329345703125
Iter:1340, Cost:16.975341796875
Iter:1350, Cost:15.539794921875
Iter:1360, Cost:14.642578125
Iter:1370, Cost:15.408203125
Iter:1380, Cost:14.4033203125
Iter:1390, Cost:16.29345703125
Iter:1400, Cost:15.95849609375
Iter:1410, Cost:15.180908203125
Iter:1420, Cost:14.630615234375
Iter:1430, Cost:15.9345703125
Iter:1440, Cost:14.367431640625
Iter:1450, Cost:15.372314453125
Iter:1460, Cost:14.941650390625
Iter:1470, Cost:15.2646484375
Iter:1480, Cost:15.228759765625
Iter:1490, Cost:15.228759765625
Iter:1500, Cost:14.630615234375
Starting optimization with Ansatz=Ansatz.NewCirc13
Iter:10, Cost:23.806152343750004
Iter:20, Cost:16.48486328125
Iter:30, Cost:16.305419921875
Iter:40, Cost:15.707275390625
Iter:50, Cost:14.953613281250007
Iter:60, Cost:15.2646484375
Iter:70, Cost:16.173828125
Iter:80, Cost:15.587646484375
Iter:90, Cost:14.822021484375
Iter:100, Cost:13.697509765625
Iter:110, Cost:14.247802734375
Iter:120, Cost:13.56591796875
Iter:130, Cost:13.6376953125
Iter:140, Cost:13.5419921875
Iter:150, Cost:14.0205078125
Iter:160, Cost:12.345703125
Iter:170, Cost:13.817138671875
Iter:180, Cost:12.25
Iter:190, Cost:12.728515625
Iter:200, Cost:11.807373046875
Iter:210, Cost:11.29296875
Iter:220, Cost:10.9580078125
Iter:230, Cost:11.962890625
Iter:240, Cost:11.1015625
Iter:250, Cost:11.07763671875
Iter:260, Cost:10.826416015625
Iter:270, Cost:10.826416015625
Iter:280, Cost:10.467529296875
Iter:290, Cost:11.137451171875
Iter:300, Cost:11.29296875
Iter:310, Cost:9.9052734375
Iter:320, Cost:9.92919921875
Iter:330, Cost:9.7138671875
Iter:340, Cost:10.515380859375
Iter:350, Cost:10.45556640625
Iter:360, Cost:9.97705078125
Iter:370, Cost:9.16357421875
Iter:380, Cost:8.003173828125
Iter:390, Cost:8.481689453125
Iter:400, Cost:9.008056640625
Iter:410, Cost:8.625244140625
Iter:420, Cost:8.517578125
Iter:430, Cost:8.8525390625
Iter:440, Cost:7.82373046875
Iter:450, Cost:7.87158203125
Iter:460, Cost:8.8046875
Iter:470, Cost:7.58447265625
Iter:480, Cost:9.630126953125
Iter:490, Cost:8.122802734375
Iter:500, Cost:7.48876953125
Iter:510, Cost:7.65625
Iter:520, Cost:7.787841796875
Iter:530, Cost:7.093994140625
Iter:540, Cost:7.141845703125
Iter:550, Cost:7.452880859375
Iter:560, Cost:7.01025390625
Iter:570, Cost:7.68017578125
Iter:580, Cost:7.141845703125
Iter:590, Cost:7.883544921875
Iter:600, Cost:7.44091796875
Iter:610, Cost:6.5556640625
Iter:620, Cost:6.86669921875
Iter:630, Cost:7.1298828125
Iter:640, Cost:7.046142578125
Iter:650, Cost:7.093994140625
Iter:660, Cost:5.67041015625
Iter:670, Cost:7.39306640625
Iter:680, Cost:6.69921875
Iter:690, Cost:7.022216796875
Iter:700, Cost:6.43603515625
Iter:710, Cost:6.280517578125
Iter:720, Cost:6.806884765625
Iter:730, Cost:6.86669921875
Iter:740, Cost:6.8427734375
Iter:750, Cost:6.160888671875
Iter:760, Cost:6.48388671875
Iter:770, Cost:6.998291015625
Iter:780, Cost:7.2734375
Iter:790, Cost:6.91455078125
Iter:800, Cost:6.926513671875
Iter:810, Cost:7.15380859375
Iter:820, Cost:6.447998046875
Iter:830, Cost:6.519775390625
Iter:840, Cost:6.986328125
Iter:850, Cost:7.29736328125
Iter:860, Cost:6.639404296875
Iter:870, Cost:6.663330078125
Iter:880, Cost:6.14892578125
Iter:890, Cost:5.7421875
Iter:900, Cost:5.55078125
Iter:910, Cost:7.177734375
Iter:920, Cost:6.160888671875
Iter:930, Cost:6.208740234375
Iter:940, Cost:6.1728515625
Iter:950, Cost:6.759033203125
Iter:960, Cost:6.878662109375
Iter:970, Cost:7.24951171875
Iter:980, Cost:6.38818359375
Iter:990, Cost:7.10595703125
Iter:1000, Cost:5.4072265625
Iter:1010, Cost:6.256591796875
Iter:1020, Cost:6.759033203125
Iter:1030, Cost:6.7470703125
Iter:1040, Cost:6.3642578125
Iter:1050, Cost:6.136962890625
Iter:1060, Cost:6.72314453125
Iter:1070, Cost:6.471923828125
Iter:1080, Cost:6.543701171875
Iter:1090, Cost:6.0771484375
Iter:1100, Cost:6.447998046875
Iter:1110, Cost:5.95751953125
Iter:1120, Cost:6.304443359375
Iter:1130, Cost:6.34033203125
Iter:1140, Cost:6.352294921875
Iter:1150, Cost:6.91455078125
Iter:1160, Cost:6.782958984375
Iter:1170, Cost:5.897705078125
Iter:1180, Cost:6.0771484375
Iter:1190, Cost:6.6513671875
Iter:1200, Cost:5.897705078125
Iter:1210, Cost:5.945556640625
Iter:1220, Cost:6.220703125
Iter:1230, Cost:6.065185546875
Iter:1240, Cost:5.802001953125
Iter:1250, Cost:6.5078125
Iter:1260, Cost:5.33544921875
Iter:1270, Cost:7.859619140625
Iter:1280, Cost:5.227783203125
Iter:1290, Cost:6.43603515625
Iter:1300, Cost:6.471923828125
Iter:1310, Cost:6.041259765625
Iter:1320, Cost:6.05322265625
Iter:1330, Cost:6.089111328125
Iter:1340, Cost:6.184814453125
Iter:1350, Cost:6.806884765625
Iter:1360, Cost:6.00537109375
Iter:1370, Cost:7.189697265625
Iter:1380, Cost:5.09619140625
Iter:1390, Cost:5.754150390625
Iter:1400, Cost:6.830810546875
Iter:1410, Cost:5.993408203125
Iter:1420, Cost:5.81396484375
Iter:1430, Cost:5.921630859375
Iter:1440, Cost:6.69921875
Iter:1450, Cost:5.6943359375
Iter:1460, Cost:6.543701171875
Iter:1470, Cost:6.2685546875
Iter:1480, Cost:5.945556640625
Iter:1490, Cost:6.5078125
Iter:1500, Cost:5.945556640625
Starting optimization with Ansatz=Ansatz.NewCirc14
Iter:10, Cost:27.478759765625004
Iter:20, Cost:17.573486328125
Iter:30, Cost:10.922119140625
Iter:40, Cost:7.77587890625
Iter:50, Cost:6.232666015625
Iter:60, Cost:7.285400390625
Iter:70, Cost:7.189697265625
Iter:80, Cost:7.0341796875
Iter:90, Cost:6.86669921875
Iter:100, Cost:6.208740234375
Iter:110, Cost:7.189697265625
Iter:120, Cost:5.323486328125
Iter:130, Cost:6.0771484375
Iter:140, Cost:6.089111328125
Iter:150, Cost:5.5986328125
Iter:160, Cost:6.782958984375
Iter:170, Cost:6.280517578125
Iter:180, Cost:5.467041015625
Iter:190, Cost:5.873779296875
Iter:200, Cost:5.562744140625
Iter:210, Cost:5.5986328125
Iter:220, Cost:5.873779296875
Iter:230, Cost:6.3642578125
Iter:240, Cost:6.5556640625
Iter:250, Cost:5.179931640625
Iter:260, Cost:5.825927734375
Iter:270, Cost:6.34033203125
Iter:280, Cost:6.376220703125
Iter:290, Cost:5.993408203125
Iter:300, Cost:5.873779296875
Iter:310, Cost:6.5556640625
Iter:320, Cost:6.86669921875
Iter:330, Cost:5.299560546875
Iter:340, Cost:6.376220703125
Iter:350, Cost:6.125
Iter:360, Cost:6.304443359375
Iter:370, Cost:6.830810546875
Iter:380, Cost:5.9814453125
Iter:390, Cost:6.0771484375
Iter:400, Cost:5.754150390625
Iter:410, Cost:6.567626953125
Iter:420, Cost:5.57470703125
Iter:430, Cost:6.77099609375
Iter:440, Cost:5.897705078125
Iter:450, Cost:5.634521484375
Iter:460, Cost:5.95751953125
Iter:470, Cost:6.19677734375
Iter:480, Cost:6.830810546875
Iter:490, Cost:5.14404296875
Iter:500, Cost:6.31640625
Iter:510, Cost:6.471923828125
Iter:520, Cost:6.91455078125
Iter:530, Cost:6.4599609375
Iter:540, Cost:5.837890625
Iter:550, Cost:5.873779296875
Iter:560, Cost:6.05322265625
Iter:570, Cost:4.270751953125
Iter:580, Cost:5.5986328125
Iter:590, Cost:6.603515625
Iter:600, Cost:5.347412109375
Iter:610, Cost:5.969482421875
Iter:620, Cost:4.964599609375
Iter:630, Cost:5.38330078125
Iter:640, Cost:4.940673828125
Iter:650, Cost:6.447998046875
Iter:660, Cost:5.849853515625
Iter:670, Cost:4.821044921875
Iter:680, Cost:6.38818359375
Iter:690, Cost:4.677490234375
Iter:700, Cost:5.993408203125
Iter:710, Cost:6.471923828125
Iter:720, Cost:5.658447265625
Iter:730, Cost:5.825927734375
Iter:740, Cost:5.33544921875
Iter:750, Cost:5.778076171875
Iter:760, Cost:4.988525390625
Iter:770, Cost:4.844970703125
Iter:780, Cost:6.113037109375
Iter:790, Cost:5.0244140625
Iter:800, Cost:5.682373046875
Iter:810, Cost:5.634521484375
Iter:820, Cost:6.376220703125
Iter:830, Cost:4.90478515625
Iter:840, Cost:4.6416015625
Iter:850, Cost:6.0771484375
Iter:860, Cost:5.455078125
Iter:870, Cost:5.5986328125
Iter:880, Cost:5.132080078125
Iter:890, Cost:5.47900390625
Iter:900, Cost:5.3115234375
Iter:910, Cost:6.10107421875
Iter:920, Cost:4.749267578125
Iter:930, Cost:5.467041015625
Iter:940, Cost:4.95263671875
Iter:950, Cost:5.203857421875
Iter:960, Cost:5.359375
Iter:970, Cost:6.352294921875
Iter:980, Cost:5.849853515625
Iter:990, Cost:5.371337890625
Iter:1000, Cost:4.59375
Iter:1010, Cost:5.419189453125
Iter:1020, Cost:4.677490234375
Iter:1030, Cost:5.132080078125
Iter:1040, Cost:4.725341796875
Iter:1050, Cost:5.263671875
Iter:1060, Cost:5.04833984375
Iter:1070, Cost:4.85693359375
Iter:1080, Cost:4.71337890625
Iter:1090, Cost:5.275634765625
Iter:1100, Cost:3.911865234375
Iter:1110, Cost:6.220703125
Iter:1120, Cost:5.156005859375
Iter:1130, Cost:5.71826171875
Iter:1140, Cost:4.916748046875
Iter:1150, Cost:5.778076171875
Iter:1160, Cost:4.510009765625
Iter:1170, Cost:5.19189453125
Iter:1180, Cost:5.62255859375
Iter:1190, Cost:5.67041015625
Iter:1200, Cost:5.16796875
Iter:1210, Cost:5.263671875
Iter:1220, Cost:4.653564453125
Iter:1230, Cost:4.486083984375
Iter:1240, Cost:5.7421875
Iter:1250, Cost:4.78515625
Iter:1260, Cost:3.840087890625
Iter:1270, Cost:5.8857421875
Iter:1280, Cost:5.108154296875
Iter:1290, Cost:5.012451171875
Iter:1300, Cost:4.52197265625
Iter:1310, Cost:5.778076171875
Iter:1320, Cost:5.323486328125
Iter:1330, Cost:4.71337890625
Iter:1340, Cost:5.90966796875
Iter:1350, Cost:4.95263671875
Iter:1360, Cost:4.533935546875
Iter:1370, Cost:4.151123046875
Iter:1380, Cost:4.33056640625
Iter:1390, Cost:5.610595703125
Iter:1400, Cost:5.09619140625
Iter:1410, Cost:5.5029296875
Iter:1420, Cost:5.132080078125
Iter:1430, Cost:5.2158203125
Iter:1440, Cost:4.510009765625
Iter:1450, Cost:5.251708984375
Iter:1460, Cost:5.514892578125
Iter:1470, Cost:4.749267578125
Iter:1480, Cost:4.701416015625
Iter:1490, Cost:4.557861328125
Iter:1500, Cost:5.359375
Starting optimization with Ansatz=Ansatz.NewCirc15
Iter:10, Cost:32.981689453125
Iter:20, Cost:27.849609375000004
Iter:30, Cost:25.756103515625004
Iter:40, Cost:24.918701171875004
Iter:50, Cost:24.787109375000004
Iter:60, Cost:24.464111328125004
Iter:70, Cost:24.296630859375004
Iter:80, Cost:26.114990234375004
Iter:90, Cost:23.997558593750004
Iter:100, Cost:25.528808593750004
Iter:110, Cost:25.217773437500004
Iter:120, Cost:23.363525390625004
Iter:130, Cost:22.980712890625004
Iter:140, Cost:24.739257812500004
Iter:150, Cost:25.217773437500004
Iter:160, Cost:23.961669921875004
Iter:170, Cost:23.925781250000004
Iter:180, Cost:23.662597656250004
Iter:190, Cost:25.086181640625004
Iter:200, Cost:24.535888671875004
Iter:210, Cost:24.416259765625004
Iter:220, Cost:24.667480468750004
Iter:230, Cost:25.026367187500004
Iter:240, Cost:23.854003906250004
Iter:250, Cost:25.851806640625004
Iter:260, Cost:23.399414062500004
Iter:270, Cost:25.959472656250004
Iter:280, Cost:24.715332031250004
Iter:290, Cost:24.954589843750004
Iter:300, Cost:25.074218750000004
Iter:310, Cost:23.865966796875004
Iter:320, Cost:24.559814453125004
Iter:330, Cost:24.870849609375004
Iter:340, Cost:25.169921875000004
Iter:350, Cost:24.404296875000004
Iter:360, Cost:25.289550781250004
Iter:370, Cost:25.600585937500004
Iter:380, Cost:25.074218750000004
Iter:390, Cost:24.703369140625004
Iter:400, Cost:25.026367187500004
Iter:410, Cost:25.923583984375004
Iter:420, Cost:23.291748046875004
Iter:430, Cost:25.265625000000004
Iter:440, Cost:25.624511718750004
Iter:450, Cost:23.961669921875004
Iter:460, Cost:23.877929687500004
Iter:470, Cost:25.277587890625004
Iter:480, Cost:24.643554687500004
Iter:490, Cost:23.877929687500004
Iter:500, Cost:23.459228515625004
Iter:510, Cost:25.074218750000004
Iter:520, Cost:25.301513671875004
Iter:530, Cost:25.373291015625004
Iter:540, Cost:25.708251953125004
Iter:550, Cost:23.877929687500004
Iter:560, Cost:23.303710937500004
Iter:570, Cost:26.318359375000004
Iter:580, Cost:25.181884765625004
Iter:590, Cost:23.842041015625004
Iter:600, Cost:24.440185546875004
Iter:610, Cost:24.057373046875004
Iter:620, Cost:24.129150390625004
Iter:630, Cost:24.356445312500004
Iter:640, Cost:24.236816406250004
Iter:650, Cost:24.918701171875004
Iter:660, Cost:25.181884765625004
Iter:670, Cost:24.105224609375004
Iter:680, Cost:24.344482421875004
Iter:690, Cost:25.337402343750004
Iter:700, Cost:25.253662109375004
Iter:710, Cost:24.260742187500004
Iter:720, Cost:23.794189453125004
Iter:730, Cost:23.076416015625004
Iter:740, Cost:24.715332031250004
Iter:750, Cost:25.217773437500004
Iter:760, Cost:25.265625000000004
Iter:770, Cost:23.913818359375004
Iter:780, Cost:24.188964843750004
Iter:790, Cost:23.806152343750004
Iter:800, Cost:23.985595703125004
Iter:810, Cost:23.148193359375004
Iter:820, Cost:25.014404296875004
Iter:830, Cost:24.272705078125004
Iter:840, Cost:24.691406250000004
Iter:850, Cost:25.803955078125004
Iter:860, Cost:24.631591796875004
Iter:870, Cost:24.105224609375004
Iter:880, Cost:24.428222656250004
Iter:890, Cost:25.720214843750004
Iter:900, Cost:24.464111328125004
Iter:910, Cost:24.356445312500004
Iter:920, Cost:24.332519531250004
Iter:930, Cost:24.870849609375004
Iter:940, Cost:24.488037109375004
Iter:950, Cost:25.468994140625004
Iter:960, Cost:27.203613281250004
Iter:970, Cost:25.576660156250004
Iter:980, Cost:24.966552734375004
Iter:990, Cost:24.775146484375004
Iter:1000, Cost:22.789306640625004
Iter:1010, Cost:24.404296875000004
Iter:1020, Cost:23.375488281250004
Iter:1030, Cost:23.602783203125004
Iter:1040, Cost:24.332519531250004
Iter:1050, Cost:25.301513671875004
Iter:1060, Cost:24.822998046875004
Iter:1070, Cost:23.877929687500004
Iter:1080, Cost:26.186767578125004
Iter:1090, Cost:24.308593750000004
Iter:1100, Cost:27.000244140625004
Iter:1110, Cost:23.961669921875004
Iter:1120, Cost:25.145996093750004
Iter:1130, Cost:23.531005859375004
Iter:1140, Cost:24.296630859375004
Iter:1150, Cost:24.535888671875004
Iter:1160, Cost:26.497802734375004
Iter:1170, Cost:25.134033203125004
Iter:1180, Cost:24.655517578125004
Iter:1190, Cost:23.471191406250004
Iter:1200, Cost:24.248779296875004
Iter:1210, Cost:24.811035156250004
Iter:1220, Cost:25.373291015625004
Iter:1230, Cost:24.727294921875004
Iter:1240, Cost:23.315673828125004
Iter:1250, Cost:24.846923828125004
Iter:1260, Cost:23.507080078125004
Iter:1270, Cost:25.277587890625004
Iter:1280, Cost:23.662597656250004
Iter:1290, Cost:26.007324218750004
Iter:1300, Cost:23.112304687500004
Iter:1310, Cost:23.267822265625004
Iter:1320, Cost:25.145996093750004
Iter:1330, Cost:24.488037109375004
Iter:1340, Cost:23.650634765625004
Iter:1350, Cost:24.822998046875004
Iter:1360, Cost:24.523925781250004
Iter:1370, Cost:24.081298828125004
Iter:1380, Cost:25.289550781250004
Iter:1390, Cost:25.385253906250004
Iter:1400, Cost:24.464111328125004
Iter:1410, Cost:25.445068359375004
Iter:1420, Cost:24.045410156250004
Iter:1430, Cost:24.990478515625004
Iter:1440, Cost:24.416259765625004
Iter:1450, Cost:24.870849609375004
Iter:1460, Cost:24.188964843750004
Iter:1470, Cost:25.062255859375004
Iter:1480, Cost:23.267822265625004
Iter:1490, Cost:24.966552734375004
Iter:1500, Cost:23.231933593750004
Starting optimization with Ansatz=Ansatz.NewCirc16
Iter:10, Cost:22.777343750000004
Iter:20, Cost:23.626708984375004
Iter:30, Cost:13.685546875
Iter:40, Cost:10.048828125
Iter:50, Cost:8.39794921875
Iter:60, Cost:8.218505859375
Iter:70, Cost:6.890625
Iter:80, Cost:6.304443359375
Iter:90, Cost:6.220703125
Iter:100, Cost:6.663330078125
Iter:110, Cost:6.495849609375
Iter:120, Cost:6.81884765625
Iter:130, Cost:7.177734375
Iter:140, Cost:7.1298828125
Iter:150, Cost:6.400146484375
Iter:160, Cost:6.29248046875
Iter:170, Cost:6.412109375
Iter:180, Cost:6.447998046875
Iter:190, Cost:5.682373046875
Iter:200, Cost:6.041259765625
Iter:210, Cost:5.47900390625
Iter:220, Cost:5.90966796875
Iter:230, Cost:7.596435546875
Iter:240, Cost:6.184814453125
Iter:250, Cost:6.089111328125
Iter:260, Cost:6.1728515625
Iter:270, Cost:6.208740234375
Iter:280, Cost:5.945556640625
Iter:290, Cost:7.117919921875
Iter:300, Cost:6.220703125
Iter:310, Cost:5.67041015625
Iter:320, Cost:6.663330078125
Iter:330, Cost:5.455078125
Iter:340, Cost:6.14892578125
Iter:350, Cost:5.16796875
Iter:360, Cost:5.538818359375
Iter:370, Cost:5.57470703125
Iter:380, Cost:5.802001953125
Iter:390, Cost:6.065185546875
Iter:400, Cost:6.3642578125
Iter:410, Cost:5.47900390625
Iter:420, Cost:6.53173828125
Iter:430, Cost:5.43115234375
Iter:440, Cost:6.69921875
Iter:450, Cost:6.089111328125
Iter:460, Cost:6.38818359375
Iter:470, Cost:5.76611328125
Iter:480, Cost:6.735107421875
Iter:490, Cost:5.90966796875
Iter:500, Cost:5.395263671875
Iter:510, Cost:5.897705078125
Iter:520, Cost:6.81884765625
Iter:530, Cost:5.86181640625
Iter:540, Cost:5.802001953125
Iter:550, Cost:6.089111328125
Iter:560, Cost:6.735107421875
Iter:570, Cost:6.125
Iter:580, Cost:5.837890625
Iter:590, Cost:5.23974609375
Iter:600, Cost:5.76611328125
Iter:610, Cost:5.706298828125
Iter:620, Cost:6.328369140625
Iter:630, Cost:7.165771484375
Iter:640, Cost:6.3642578125
Iter:650, Cost:6.280517578125
Iter:660, Cost:6.471923828125
Iter:670, Cost:6.38818359375
Iter:680, Cost:6.05322265625
Iter:690, Cost:6.806884765625
Iter:700, Cost:5.9814453125
Iter:710, Cost:6.376220703125
Iter:720, Cost:6.5556640625
Iter:730, Cost:7.141845703125
Iter:740, Cost:6.232666015625
Iter:750, Cost:5.9814453125
Iter:760, Cost:7.34521484375
Iter:770, Cost:7.476806640625
Iter:780, Cost:6.00537109375
Iter:790, Cost:6.089111328125
Iter:800, Cost:7.213623046875
Iter:810, Cost:6.950439453125
Iter:820, Cost:6.38818359375
Iter:830, Cost:6.136962890625
Iter:840, Cost:5.0244140625
Iter:850, Cost:6.065185546875
Iter:860, Cost:7.333251953125
Iter:870, Cost:6.00537109375
Iter:880, Cost:6.38818359375
Iter:890, Cost:5.7900390625
Iter:900, Cost:6.0771484375
Iter:910, Cost:6.304443359375
Iter:920, Cost:6.14892578125
Iter:930, Cost:6.400146484375
Iter:940, Cost:6.5078125
Iter:950, Cost:6.376220703125
Iter:960, Cost:6.113037109375
Iter:970, Cost:6.43603515625
Iter:980, Cost:6.926513671875
Iter:990, Cost:6.48388671875
Iter:1000, Cost:5.81396484375
Iter:1010, Cost:6.4599609375
Iter:1020, Cost:6.31640625
Iter:1030, Cost:5.7900390625
Iter:1040, Cost:5.8857421875
Iter:1050, Cost:5.646484375
Iter:1060, Cost:6.878662109375
Iter:1070, Cost:5.55078125
Iter:1080, Cost:6.878662109375
Iter:1090, Cost:6.00537109375
Iter:1100, Cost:5.646484375
Iter:1110, Cost:6.4599609375
Iter:1120, Cost:6.543701171875
Iter:1130, Cost:6.543701171875
Iter:1140, Cost:6.43603515625
Iter:1150, Cost:6.256591796875
Iter:1160, Cost:5.538818359375
Iter:1170, Cost:6.603515625
Iter:1180, Cost:5.227783203125
Iter:1190, Cost:6.113037109375
Iter:1200, Cost:5.921630859375
Iter:1210, Cost:6.2685546875
Iter:1220, Cost:6.10107421875
Iter:1230, Cost:6.089111328125
Iter:1240, Cost:6.232666015625
Iter:1250, Cost:6.735107421875
Iter:1260, Cost:6.184814453125
Iter:1270, Cost:5.9814453125
Iter:1280, Cost:5.586669921875
Iter:1290, Cost:5.33544921875
Iter:1300, Cost:5.993408203125
Iter:1310, Cost:6.794921875
Iter:1320, Cost:6.412109375
Iter:1330, Cost:6.43603515625
Iter:1340, Cost:5.76611328125
Iter:1350, Cost:5.538818359375
Iter:1360, Cost:5.43115234375
Iter:1370, Cost:5.036376953125
Iter:1380, Cost:6.447998046875
Iter:1390, Cost:5.7900390625
Iter:1400, Cost:6.256591796875
Iter:1410, Cost:6.759033203125
Iter:1420, Cost:6.926513671875
Iter:1430, Cost:6.3642578125
Iter:1440, Cost:5.86181640625
Iter:1450, Cost:6.759033203125
Iter:1460, Cost:5.52685546875
Iter:1470, Cost:5.95751953125
Iter:1480, Cost:6.304443359375
Iter:1490, Cost:6.663330078125
Iter:1500, Cost:6.543701171875
Starting optimization with Ansatz=Ansatz.NewCirc17
Iter:10, Cost:50.31591796875001
Iter:20, Cost:46.72705078125001
Iter:30, Cost:39.62109375000001
Iter:40, Cost:19.30810546875
Iter:50, Cost:6.136962890625
Iter:60, Cost:5.682373046875
Iter:70, Cost:5.849853515625
Iter:80, Cost:6.6513671875
Iter:90, Cost:5.455078125
Iter:100, Cost:5.23974609375
Iter:110, Cost:5.132080078125
Iter:120, Cost:4.988525390625
Iter:130, Cost:5.108154296875
Iter:140, Cost:5.7900390625
Iter:150, Cost:5.514892578125
Iter:160, Cost:5.251708984375
Iter:170, Cost:4.56982421875
Iter:180, Cost:5.443115234375
Iter:190, Cost:5.9814453125
Iter:200, Cost:4.90478515625
Iter:210, Cost:5.682373046875
Iter:220, Cost:5.00048828125
Iter:230, Cost:5.562744140625
Iter:240, Cost:6.220703125
Iter:250, Cost:5.4072265625
Iter:260, Cost:5.443115234375
Iter:270, Cost:4.677490234375
Iter:280, Cost:5.33544921875
Iter:290, Cost:5.203857421875
Iter:300, Cost:4.773193359375
Iter:310, Cost:5.993408203125
Iter:320, Cost:4.342529296875
Iter:330, Cost:5.8857421875
Iter:340, Cost:4.892822265625
Iter:350, Cost:5.945556640625
Iter:360, Cost:5.179931640625
Iter:370, Cost:5.060302734375
Iter:380, Cost:5.203857421875
Iter:390, Cost:6.5078125
Iter:400, Cost:5.490966796875
Iter:410, Cost:5.5986328125
Iter:420, Cost:6.00537109375
Iter:430, Cost:6.113037109375
Iter:440, Cost:4.80908203125
Iter:450, Cost:5.993408203125
Iter:460, Cost:5.359375
Iter:470, Cost:6.10107421875
Iter:480, Cost:5.538818359375
Iter:490, Cost:6.5078125
Iter:500, Cost:4.6416015625
Iter:510, Cost:5.1201171875
Iter:520, Cost:5.43115234375
Iter:530, Cost:5.969482421875
Iter:540, Cost:5.849853515625
Iter:550, Cost:6.81884765625
Iter:560, Cost:5.036376953125
Iter:570, Cost:4.964599609375
Iter:580, Cost:5.275634765625
Iter:590, Cost:5.3115234375
Iter:600, Cost:5.04833984375
Iter:610, Cost:5.28759765625
Iter:620, Cost:5.1201171875
Iter:630, Cost:5.62255859375
Iter:640, Cost:5.538818359375
Iter:650, Cost:6.041259765625
Iter:660, Cost:5.251708984375
Iter:670, Cost:4.80908203125
Iter:680, Cost:6.041259765625
Iter:690, Cost:5.132080078125
Iter:700, Cost:5.072265625
Iter:710, Cost:5.47900390625
Iter:720, Cost:4.964599609375
Iter:730, Cost:5.9814453125
Iter:740, Cost:4.7373046875
Iter:750, Cost:4.390380859375
Iter:760, Cost:5.490966796875
Iter:770, Cost:6.089111328125
Iter:780, Cost:6.31640625
Iter:790, Cost:4.940673828125
Iter:800, Cost:5.347412109375
Iter:810, Cost:3.935791015625
Iter:820, Cost:5.443115234375
Iter:830, Cost:4.880859375
Iter:840, Cost:5.837890625
Iter:850, Cost:6.1728515625
Iter:860, Cost:5.802001953125
Iter:870, Cost:6.615478515625
Iter:880, Cost:5.203857421875
Iter:890, Cost:4.725341796875
Iter:900, Cost:5.754150390625
Iter:910, Cost:5.251708984375
Iter:920, Cost:4.78515625
Iter:930, Cost:5.897705078125
Iter:940, Cost:5.873779296875
Iter:950, Cost:5.072265625
Iter:960, Cost:5.347412109375
Iter:970, Cost:5.81396484375
Iter:980, Cost:5.2158203125
Iter:990, Cost:4.868896484375
Iter:1000, Cost:5.323486328125
Iter:1010, Cost:5.19189453125
Iter:1020, Cost:5.62255859375
Iter:1030, Cost:4.964599609375
Iter:1040, Cost:4.988525390625
Iter:1050, Cost:5.837890625
Iter:1060, Cost:4.90478515625
Iter:1070, Cost:4.18701171875
Iter:1080, Cost:5.09619140625
Iter:1090, Cost:5.060302734375
Iter:1100, Cost:5.634521484375
Iter:1110, Cost:5.0244140625
Iter:1120, Cost:5.23974609375
Iter:1130, Cost:5.299560546875
Iter:1140, Cost:5.562744140625
Iter:1150, Cost:5.4072265625
Iter:1160, Cost:4.797119140625
Iter:1170, Cost:5.730224609375
Iter:1180, Cost:4.9287109375
Iter:1190, Cost:4.868896484375
Iter:1200, Cost:5.1201171875
Iter:1210, Cost:5.67041015625
Iter:1220, Cost:5.802001953125
Iter:1230, Cost:4.605712890625
Iter:1240, Cost:5.203857421875
Iter:1250, Cost:4.773193359375
Iter:1260, Cost:5.778076171875
Iter:1270, Cost:5.646484375
Iter:1280, Cost:6.184814453125
Iter:1290, Cost:5.467041015625
Iter:1300, Cost:5.921630859375
Iter:1310, Cost:5.538818359375
Iter:1320, Cost:6.017333984375
Iter:1330, Cost:5.825927734375
Iter:1340, Cost:5.33544921875
Iter:1350, Cost:5.455078125
Iter:1360, Cost:4.007568359375
Iter:1370, Cost:5.969482421875
Iter:1380, Cost:5.897705078125
Iter:1390, Cost:5.227783203125
Iter:1400, Cost:5.28759765625
Iter:1410, Cost:5.67041015625
Iter:1420, Cost:5.2158203125
Iter:1430, Cost:5.538818359375
Iter:1440, Cost:6.1728515625
Iter:1450, Cost:5.514892578125
Iter:1460, Cost:5.19189453125
Iter:1470, Cost:5.14404296875
Iter:1480, Cost:5.67041015625
Iter:1490, Cost:6.543701171875
Iter:1500, Cost:5.359375
Starting optimization with Ansatz=Ansatz.NewCirc18
Iter:10, Cost:24.942626953125
Iter:20, Cost:13.434326171875
Iter:30, Cost:9.78564453125
Iter:40, Cost:10.300048828125
Iter:50, Cost:7.84765625
Iter:60, Cost:9.031982421875
Iter:70, Cost:8.098876953125
Iter:80, Cost:7.500732421875
Iter:90, Cost:6.8427734375
Iter:100, Cost:7.08203125
Iter:110, Cost:7.44091796875
Iter:120, Cost:7.96728515625
Iter:130, Cost:6.86669921875
Iter:140, Cost:6.232666015625
Iter:150, Cost:7.022216796875
Iter:160, Cost:6.376220703125
Iter:170, Cost:7.955322265625
Iter:180, Cost:7.381103515625
Iter:190, Cost:6.86669921875
Iter:200, Cost:6.69921875
Iter:210, Cost:6.77099609375
Iter:220, Cost:5.7900390625
Iter:230, Cost:6.735107421875
Iter:240, Cost:7.05810546875
Iter:250, Cost:6.280517578125
Iter:260, Cost:5.93359375
Iter:270, Cost:6.86669921875
Iter:280, Cost:6.447998046875
Iter:290, Cost:7.739990234375
Iter:300, Cost:6.017333984375
Iter:310, Cost:6.519775390625
Iter:320, Cost:6.567626953125
Iter:330, Cost:6.447998046875
Iter:340, Cost:5.299560546875
Iter:350, Cost:6.400146484375
Iter:360, Cost:6.759033203125
Iter:370, Cost:6.591552734375
Iter:380, Cost:5.156005859375
Iter:390, Cost:6.017333984375
Iter:400, Cost:5.9814453125
Iter:410, Cost:6.986328125
Iter:420, Cost:6.5556640625
Iter:430, Cost:7.68017578125
Iter:440, Cost:6.38818359375
Iter:450, Cost:6.447998046875
Iter:460, Cost:7.476806640625
Iter:470, Cost:5.93359375
Iter:480, Cost:5.825927734375
Iter:490, Cost:5.8857421875
Iter:500, Cost:5.55078125
Iter:510, Cost:6.5078125
Iter:520, Cost:5.71826171875
Iter:530, Cost:6.591552734375
Iter:540, Cost:7.883544921875
Iter:550, Cost:5.455078125
Iter:560, Cost:5.8857421875
Iter:570, Cost:6.160888671875
Iter:580, Cost:6.663330078125
Iter:590, Cost:5.682373046875
Iter:600, Cost:6.1728515625
Iter:610, Cost:6.591552734375
Iter:620, Cost:7.1298828125
Iter:630, Cost:4.59375
Iter:640, Cost:6.19677734375
Iter:650, Cost:5.837890625
Iter:660, Cost:6.280517578125
Iter:670, Cost:5.921630859375
Iter:680, Cost:6.2685546875
Iter:690, Cost:6.089111328125
Iter:700, Cost:6.663330078125
Iter:710, Cost:7.093994140625
Iter:720, Cost:6.089111328125
Iter:730, Cost:5.395263671875
Iter:740, Cost:7.213623046875
Iter:750, Cost:5.9814453125
Iter:760, Cost:6.19677734375
Iter:770, Cost:6.256591796875
Iter:780, Cost:6.7470703125
Iter:790, Cost:6.96240234375
Iter:800, Cost:6.089111328125
Iter:810, Cost:6.591552734375
Iter:820, Cost:5.897705078125
Iter:830, Cost:6.639404296875
Iter:840, Cost:6.67529296875
Iter:850, Cost:6.62744140625
Iter:860, Cost:6.136962890625
Iter:870, Cost:6.72314453125
Iter:880, Cost:5.778076171875
Iter:890, Cost:5.8857421875
Iter:900, Cost:6.447998046875
Iter:910, Cost:6.495849609375
Iter:920, Cost:5.586669921875
Iter:930, Cost:6.495849609375
Iter:940, Cost:5.849853515625
Iter:950, Cost:6.5556640625
Iter:960, Cost:6.782958984375
Iter:970, Cost:6.05322265625
Iter:980, Cost:6.412109375
Iter:990, Cost:5.5986328125
Iter:1000, Cost:5.5986328125
Iter:1010, Cost:6.3642578125
Iter:1020, Cost:5.490966796875
Iter:1030, Cost:4.988525390625
Iter:1040, Cost:7.046142578125
Iter:1050, Cost:5.921630859375
Iter:1060, Cost:6.065185546875
Iter:1070, Cost:6.136962890625
Iter:1080, Cost:6.10107421875
Iter:1090, Cost:6.184814453125
Iter:1100, Cost:6.160888671875
Iter:1110, Cost:5.275634765625
Iter:1120, Cost:6.14892578125
Iter:1130, Cost:6.603515625
Iter:1140, Cost:6.3642578125
Iter:1150, Cost:6.113037109375
Iter:1160, Cost:5.993408203125
Iter:1170, Cost:5.730224609375
Iter:1180, Cost:5.610595703125
Iter:1190, Cost:5.706298828125
Iter:1200, Cost:6.220703125
Iter:1210, Cost:6.029296875
Iter:1220, Cost:5.55078125
Iter:1230, Cost:6.5078125
Iter:1240, Cost:6.280517578125
Iter:1250, Cost:5.754150390625
Iter:1260, Cost:6.00537109375
Iter:1270, Cost:5.55078125
Iter:1280, Cost:5.38330078125
Iter:1290, Cost:5.09619140625
Iter:1300, Cost:6.14892578125
Iter:1310, Cost:5.634521484375
Iter:1320, Cost:5.55078125
Iter:1330, Cost:6.926513671875
Iter:1340, Cost:6.471923828125
Iter:1350, Cost:5.646484375
Iter:1360, Cost:6.017333984375
Iter:1370, Cost:6.352294921875
Iter:1380, Cost:5.71826171875
Iter:1390, Cost:5.47900390625
Iter:1400, Cost:6.19677734375
Iter:1410, Cost:5.86181640625
Iter:1420, Cost:6.7470703125
Iter:1430, Cost:6.400146484375
Iter:1440, Cost:6.041259765625
Iter:1450, Cost:5.897705078125
Iter:1460, Cost:5.251708984375
Iter:1470, Cost:5.658447265625
Iter:1480, Cost:5.849853515625
Iter:1490, Cost:5.945556640625
Iter:1500, Cost:5.9814453125
Starting optimization with Ansatz=Ansatz.NewCirc19
Iter:10, Cost:31.091552734375004
Iter:20, Cost:20.970947265625
Iter:30, Cost:10.814453125
Iter:40, Cost:10.35986328125
Iter:50, Cost:10.9580078125
Iter:60, Cost:10.012939453125
Iter:70, Cost:9.64208984375
Iter:80, Cost:10.778564453125
Iter:90, Cost:9.25927734375
Iter:100, Cost:9.965087890625
Iter:110, Cost:10.036865234375
Iter:120, Cost:8.362060546875
Iter:130, Cost:8.0869140625
Iter:140, Cost:8.697021484375
Iter:150, Cost:9.031982421875
Iter:160, Cost:7.7998046875
Iter:170, Cost:8.553466796875
Iter:180, Cost:8.170654296875
Iter:190, Cost:8.15869140625
Iter:200, Cost:7.4169921875
Iter:210, Cost:7.87158203125
Iter:220, Cost:6.687255859375
Iter:230, Cost:7.333251953125
Iter:240, Cost:5.802001953125
Iter:250, Cost:7.046142578125
Iter:260, Cost:6.065185546875
Iter:270, Cost:6.220703125
Iter:280, Cost:6.3642578125
Iter:290, Cost:6.220703125
Iter:300, Cost:7.01025390625
Iter:310, Cost:6.950439453125
Iter:320, Cost:6.67529296875
Iter:330, Cost:6.471923828125
Iter:340, Cost:5.76611328125
Iter:350, Cost:6.5556640625
Iter:360, Cost:6.48388671875
Iter:370, Cost:6.089111328125
Iter:380, Cost:5.227783203125
Iter:390, Cost:5.5986328125
Iter:400, Cost:4.653564453125
Iter:410, Cost:5.76611328125
Iter:420, Cost:5.86181640625
Iter:430, Cost:6.794921875
Iter:440, Cost:6.136962890625
Iter:450, Cost:6.591552734375
Iter:460, Cost:6.29248046875
Iter:470, Cost:6.280517578125
Iter:480, Cost:6.3642578125
Iter:490, Cost:6.519775390625
Iter:500, Cost:5.873779296875
Iter:510, Cost:6.2685546875
Iter:520, Cost:6.10107421875
Iter:530, Cost:6.495849609375
Iter:540, Cost:6.6513671875
Iter:550, Cost:5.7421875
Iter:560, Cost:6.62744140625
Iter:570, Cost:4.7373046875
Iter:580, Cost:5.873779296875
Iter:590, Cost:5.7421875
Iter:600, Cost:5.586669921875
Iter:610, Cost:6.113037109375
Iter:620, Cost:5.730224609375
Iter:630, Cost:5.6943359375
Iter:640, Cost:4.1630859375
Iter:650, Cost:5.55078125
Iter:660, Cost:5.490966796875
Iter:670, Cost:5.514892578125
Iter:680, Cost:6.53173828125
Iter:690, Cost:4.78515625
Iter:700, Cost:5.76611328125
Iter:710, Cost:5.8857421875
Iter:720, Cost:6.1728515625
Iter:730, Cost:5.76611328125
Iter:740, Cost:5.132080078125
Iter:750, Cost:6.14892578125
Iter:760, Cost:5.538818359375
Iter:770, Cost:5.921630859375
Iter:780, Cost:5.897705078125
Iter:790, Cost:4.880859375
Iter:800, Cost:5.14404296875
Iter:810, Cost:4.940673828125
Iter:820, Cost:5.538818359375
Iter:830, Cost:5.55078125
Iter:840, Cost:5.6943359375
Iter:850, Cost:5.586669921875
Iter:860, Cost:5.23974609375
Iter:870, Cost:5.62255859375
Iter:880, Cost:6.29248046875
Iter:890, Cost:5.93359375
Iter:900, Cost:4.78515625
Iter:910, Cost:6.38818359375
Iter:920, Cost:4.90478515625
Iter:930, Cost:5.23974609375
Iter:940, Cost:4.880859375
Iter:950, Cost:4.78515625
Iter:960, Cost:6.400146484375
Iter:970, Cost:5.825927734375
Iter:980, Cost:5.323486328125
Iter:990, Cost:5.084228515625
Iter:1000, Cost:5.55078125
Iter:1010, Cost:5.28759765625
Iter:1020, Cost:5.203857421875
Iter:1030, Cost:5.586669921875
Iter:1040, Cost:5.2158203125
Iter:1050, Cost:5.969482421875
Iter:1060, Cost:5.443115234375
Iter:1070, Cost:5.95751953125
Iter:1080, Cost:5.179931640625
Iter:1090, Cost:4.773193359375
Iter:1100, Cost:5.993408203125
Iter:1110, Cost:6.017333984375
Iter:1120, Cost:5.347412109375
Iter:1130, Cost:5.299560546875
Iter:1140, Cost:6.603515625
Iter:1150, Cost:5.5986328125
Iter:1160, Cost:5.52685546875
Iter:1170, Cost:4.9287109375
Iter:1180, Cost:5.43115234375
Iter:1190, Cost:4.988525390625
Iter:1200, Cost:7.070068359375
Iter:1210, Cost:5.084228515625
Iter:1220, Cost:5.76611328125
Iter:1230, Cost:6.220703125
Iter:1240, Cost:5.921630859375
Iter:1250, Cost:5.646484375
Iter:1260, Cost:5.2158203125
Iter:1270, Cost:5.455078125
Iter:1280, Cost:6.10107421875
Iter:1290, Cost:4.66552734375
Iter:1300, Cost:4.366455078125
Iter:1310, Cost:5.179931640625
Iter:1320, Cost:6.1728515625
Iter:1330, Cost:5.6943359375
Iter:1340, Cost:6.136962890625
Iter:1350, Cost:6.089111328125
Iter:1360, Cost:4.880859375
Iter:1370, Cost:4.701416015625
Iter:1380, Cost:4.9287109375
Iter:1390, Cost:4.80908203125
Iter:1400, Cost:5.490966796875
Iter:1410, Cost:6.0771484375
Iter:1420, Cost:5.3115234375
Iter:1430, Cost:6.041259765625
Iter:1440, Cost:5.5029296875
Iter:1450, Cost:5.90966796875
Iter:1460, Cost:4.725341796875
Iter:1470, Cost:4.90478515625
Iter:1480, Cost:5.634521484375
Iter:1490, Cost:6.029296875
Iter:1500, Cost:5.419189453125
